DEBUG 2015-05-21 11:29:29,027 [main] 環境変数#Envにファイル(env.txt)から値(ct)が設定されました
DEBUG 2015-05-21 11:29:29,039 [main] 環境変数#Envにファイル(env_ut.txt)から値(ut)が設定されました
DEBUG 2015-05-21 11:29:29,706 [main] 環境変数#Envにファイル(env_ut.txt)から値(ut)が設定されました
DEBUG 2015-05-21 11:29:30,562 [main] S2Containerを作成します。path=warmdeploy.dicon
DEBUG 2015-05-21 11:29:30,578 [main] S2Containerを作成します。path=convention.dicon
DEBUG 2015-05-21 11:29:31,059 [main] S2Containerを作成しました。path=convention.dicon
DEBUG 2015-05-21 11:29:31,060 [main] S2Containerを作成します。path=customizer.dicon
DEBUG 2015-05-21 11:29:31,098 [main] S2Containerを作成します。path=default-customizer.dicon
DEBUG 2015-05-21 11:29:31,114 [main] S2Containerを作成します。path=std-customizer.dicon
DEBUG 2015-05-21 11:29:31,158 [main] S2Containerを作成します。path=std-customizer-tiger.dicon
DEBUG 2015-05-21 11:29:31,220 [main] S2Containerを作成しました。path=std-customizer-tiger.dicon
DEBUG 2015-05-21 11:29:31,272 [main] S2Containerを作成しました。path=std-customizer.dicon
DEBUG 2015-05-21 11:29:31,294 [main] S2Containerを作成しました。path=default-customizer.dicon
DEBUG 2015-05-21 11:29:31,418 [main] S2Containerを作成しました。path=customizer.dicon
DEBUG 2015-05-21 11:29:31,418 [main] S2Containerを作成します。path=creator.dicon
DEBUG 2015-05-21 11:29:31,541 [main] S2Containerを作成しました。path=creator.dicon
DEBUG 2015-05-21 11:29:31,560 [main] S2Containerを作成しました。path=warmdeploy.dicon
DEBUG 2015-05-21 11:29:31,722 [main] S2Containerを作成します。path=s2junit4.dicon
DEBUG 2015-05-21 11:29:32,047 [main] S2Containerを作成しました。path=s2junit4.dicon
DEBUG 2015-05-21 11:29:32,194 [main] 設定ファイル(app.dicon)をインクルードします
DEBUG 2015-05-21 11:29:32,194 [main] S2Containerを作成します。path=app.dicon
DEBUG 2015-05-21 11:29:32,216 [main] S2Containerを作成します。path=convention.dicon
DEBUG 2015-05-21 11:29:32,236 [main] S2Containerを作成しました。path=convention.dicon
DEBUG 2015-05-21 11:29:32,237 [main] S2Containerを作成します。path=aop.dicon
DEBUG 2015-05-21 11:29:32,343 [main] S2Containerを作成しました。path=aop.dicon
DEBUG 2015-05-21 11:29:32,344 [main] S2Containerを作成します。path=j2ee.dicon
DEBUG 2015-05-21 11:29:32,357 [main] S2Containerを作成します。path=jta.dicon
DEBUG 2015-05-21 11:29:32,453 [main] S2Containerを作成しました。path=jta.dicon
DEBUG 2015-05-21 11:29:32,453 [main] S2Containerを作成します。path=jdbc.dicon
DEBUG 2015-05-21 11:29:32,557 [main] S2Containerを作成しました。path=jdbc.dicon
DEBUG 2015-05-21 11:29:32,574 [main] S2Containerを作成しました。path=j2ee.dicon
DEBUG 2015-05-21 11:29:32,575 [main] S2Containerを作成します。path=s2jdbc.dicon
DEBUG 2015-05-21 11:29:32,607 [main] S2Containerを作成します。path=s2jdbc-internal.dicon
DEBUG 2015-05-21 11:29:32,762 [main] S2Containerを作成しました。path=s2jdbc-internal.dicon
DEBUG 2015-05-21 11:29:32,886 [main] S2Containerを作成しました。path=s2jdbc.dicon
DEBUG 2015-05-21 11:29:32,894 [main] S2Containerを作成しました。path=app.dicon
DEBUG 2015-05-21 11:29:33,379 [main] トランザクションを開始しました。tx=[FormatId=4360, GlobalId=1432175373379/0, BranchId=]
DEBUG 2015-05-21 11:29:33,447 [main] トランザクションをロールバックしました。tx=[FormatId=4360, GlobalId=1432175373379/0, BranchId=]
DEBUG 2015-05-21 11:29:33,476 [main] 環境変数#Envにファイル(env.txt)から値(ct)が設定されました
DEBUG 2015-05-21 11:29:33,478 [main] 環境変数#Envにファイル(env_ut.txt)から値(ut)が設定されました
DEBUG 2015-05-21 11:29:33,491 [main] S2Containerを作成します。path=warmdeploy.dicon
DEBUG 2015-05-21 11:29:33,504 [main] S2Containerを作成します。path=convention.dicon
DEBUG 2015-05-21 11:29:33,527 [main] S2Containerを作成しました。path=convention.dicon
DEBUG 2015-05-21 11:29:33,528 [main] S2Containerを作成します。path=customizer.dicon
DEBUG 2015-05-21 11:29:33,541 [main] S2Containerを作成します。path=default-customizer.dicon
DEBUG 2015-05-21 11:29:33,554 [main] S2Containerを作成します。path=std-customizer.dicon
DEBUG 2015-05-21 11:29:33,569 [main] S2Containerを作成します。path=std-customizer-tiger.dicon
DEBUG 2015-05-21 11:29:33,585 [main] S2Containerを作成しました。path=std-customizer-tiger.dicon
DEBUG 2015-05-21 11:29:33,624 [main] S2Containerを作成しました。path=std-customizer.dicon
DEBUG 2015-05-21 11:29:33,637 [main] S2Containerを作成しました。path=default-customizer.dicon
DEBUG 2015-05-21 11:29:33,656 [main] S2Containerを作成しました。path=customizer.dicon
DEBUG 2015-05-21 11:29:33,656 [main] S2Containerを作成します。path=creator.dicon
DEBUG 2015-05-21 11:29:33,754 [main] S2Containerを作成しました。path=creator.dicon
DEBUG 2015-05-21 11:29:33,762 [main] S2Containerを作成しました。path=warmdeploy.dicon
DEBUG 2015-05-21 11:29:33,778 [main] S2Containerを作成します。path=s2junit4.dicon
DEBUG 2015-05-21 11:29:33,821 [main] S2Containerを作成しました。path=s2junit4.dicon
DEBUG 2015-05-21 11:29:33,853 [main] 設定ファイル(app.dicon)をインクルードします
DEBUG 2015-05-21 11:29:33,854 [main] S2Containerを作成します。path=app.dicon
DEBUG 2015-05-21 11:29:33,866 [main] S2Containerを作成します。path=convention.dicon
DEBUG 2015-05-21 11:29:33,881 [main] S2Containerを作成しました。path=convention.dicon
DEBUG 2015-05-21 11:29:33,882 [main] S2Containerを作成します。path=aop.dicon
DEBUG 2015-05-21 11:29:33,905 [main] S2Containerを作成しました。path=aop.dicon
DEBUG 2015-05-21 11:29:33,906 [main] S2Containerを作成します。path=j2ee.dicon
DEBUG 2015-05-21 11:29:33,915 [main] S2Containerを作成します。path=jta.dicon
DEBUG 2015-05-21 11:29:33,933 [main] S2Containerを作成しました。path=jta.dicon
DEBUG 2015-05-21 11:29:33,933 [main] S2Containerを作成します。path=jdbc.dicon
DEBUG 2015-05-21 11:29:34,031 [main] S2Containerを作成しました。path=jdbc.dicon
DEBUG 2015-05-21 11:29:34,044 [main] S2Containerを作成しました。path=j2ee.dicon
DEBUG 2015-05-21 11:29:34,045 [main] S2Containerを作成します。path=s2jdbc.dicon
DEBUG 2015-05-21 11:29:34,056 [main] S2Containerを作成します。path=s2jdbc-internal.dicon
DEBUG 2015-05-21 11:29:34,075 [main] S2Containerを作成しました。path=s2jdbc-internal.dicon
DEBUG 2015-05-21 11:29:34,083 [main] S2Containerを作成しました。path=s2jdbc.dicon
DEBUG 2015-05-21 11:29:34,085 [main] S2Containerを作成しました。path=app.dicon
DEBUG 2015-05-21 11:29:34,179 [main] トランザクションを開始しました。tx=[FormatId=4360, GlobalId=1432175373379/1, BranchId=]
DEBUG 2015-05-21 11:29:34,183 [main] トランザクションをロールバックしました。tx=[FormatId=4360, GlobalId=1432175373379/1, BranchId=]
DEBUG 2015-05-21 11:29:34,194 [main] 環境変数#Envにファイル(env.txt)から値(ct)が設定されました
DEBUG 2015-05-21 19:50:25,002 [main] 環境変数#Envにファイル(env.txt)から値(ct)が設定されました
DEBUG 2015-05-21 19:50:25,034 [main] 環境変数#Envにファイル(env_ut.txt)から値(ut)が設定されました
DEBUG 2015-05-21 19:50:25,675 [main] 環境変数#Envにファイル(env_ut.txt)から値(ut)が設定されました
DEBUG 2015-05-21 19:50:26,640 [main] S2Containerを作成します。path=warmdeploy.dicon
DEBUG 2015-05-21 19:50:26,659 [main] S2Containerを作成します。path=convention.dicon
DEBUG 2015-05-21 19:50:27,158 [main] S2Containerを作成しました。path=convention.dicon
DEBUG 2015-05-21 19:50:27,158 [main] S2Containerを作成します。path=customizer.dicon
DEBUG 2015-05-21 19:50:27,208 [main] S2Containerを作成します。path=default-customizer.dicon
DEBUG 2015-05-21 19:50:27,226 [main] S2Containerを作成します。path=std-customizer.dicon
DEBUG 2015-05-21 19:50:27,277 [main] S2Containerを作成します。path=std-customizer-tiger.dicon
DEBUG 2015-05-21 19:50:27,363 [main] S2Containerを作成しました。path=std-customizer-tiger.dicon
DEBUG 2015-05-21 19:50:27,415 [main] S2Containerを作成しました。path=std-customizer.dicon
DEBUG 2015-05-21 19:50:27,437 [main] S2Containerを作成しました。path=default-customizer.dicon
DEBUG 2015-05-21 19:50:27,523 [main] S2Containerを作成しました。path=customizer.dicon
DEBUG 2015-05-21 19:50:27,524 [main] S2Containerを作成します。path=creator.dicon
DEBUG 2015-05-21 19:50:27,598 [main] S2Containerを作成しました。path=creator.dicon
DEBUG 2015-05-21 19:50:27,618 [main] S2Containerを作成しました。path=warmdeploy.dicon
DEBUG 2015-05-21 19:50:27,765 [main] S2Containerを作成します。path=s2junit4.dicon
DEBUG 2015-05-21 19:50:28,127 [main] S2Containerを作成しました。path=s2junit4.dicon
DEBUG 2015-05-21 19:50:28,343 [main] 設定ファイル(app.dicon)をインクルードします
DEBUG 2015-05-21 19:50:28,343 [main] S2Containerを作成します。path=app.dicon
DEBUG 2015-05-21 19:50:28,364 [main] S2Containerを作成します。path=convention.dicon
DEBUG 2015-05-21 19:50:28,384 [main] S2Containerを作成しました。path=convention.dicon
DEBUG 2015-05-21 19:50:28,385 [main] S2Containerを作成します。path=aop.dicon
DEBUG 2015-05-21 19:50:28,484 [main] S2Containerを作成しました。path=aop.dicon
DEBUG 2015-05-21 19:50:28,484 [main] S2Containerを作成します。path=j2ee.dicon
DEBUG 2015-05-21 19:50:28,497 [main] S2Containerを作成します。path=jta.dicon
DEBUG 2015-05-21 19:50:28,593 [main] S2Containerを作成しました。path=jta.dicon
DEBUG 2015-05-21 19:50:28,594 [main] S2Containerを作成します。path=jdbc.dicon
DEBUG 2015-05-21 19:50:28,730 [main] S2Containerを作成しました。path=jdbc.dicon
DEBUG 2015-05-21 19:50:28,748 [main] S2Containerを作成しました。path=j2ee.dicon
DEBUG 2015-05-21 19:50:28,748 [main] S2Containerを作成します。path=s2jdbc.dicon
DEBUG 2015-05-21 19:50:28,797 [main] S2Containerを作成します。path=s2jdbc-internal.dicon
DEBUG 2015-05-21 19:50:28,914 [main] S2Containerを作成しました。path=s2jdbc-internal.dicon
DEBUG 2015-05-21 19:50:29,037 [main] S2Containerを作成しました。path=s2jdbc.dicon
DEBUG 2015-05-21 19:50:29,055 [main] S2Containerを作成しました。path=app.dicon
DEBUG 2015-05-21 19:50:29,660 [main] トランザクションを開始しました。tx=[FormatId=4360, GlobalId=1432205429660/0, BranchId=]
DEBUG 2015-05-21 19:50:29,732 [main] トランザクションをロールバックしました。tx=[FormatId=4360, GlobalId=1432205429660/0, BranchId=]
DEBUG 2015-05-21 19:50:29,751 [main] 環境変数#Envにファイル(env.txt)から値(ct)が設定されました
DEBUG 2015-05-21 19:50:29,752 [main] 環境変数#Envにファイル(env_ut.txt)から値(ut)が設定されました
DEBUG 2015-05-21 19:50:29,766 [main] S2Containerを作成します。path=warmdeploy.dicon
DEBUG 2015-05-21 19:50:29,779 [main] S2Containerを作成します。path=convention.dicon
DEBUG 2015-05-21 19:50:29,802 [main] S2Containerを作成しました。path=convention.dicon
DEBUG 2015-05-21 19:50:29,803 [main] S2Containerを作成します。path=customizer.dicon
DEBUG 2015-05-21 19:50:29,815 [main] S2Containerを作成します。path=default-customizer.dicon
DEBUG 2015-05-21 19:50:29,828 [main] S2Containerを作成します。path=std-customizer.dicon
DEBUG 2015-05-21 19:50:29,844 [main] S2Containerを作成します。path=std-customizer-tiger.dicon
DEBUG 2015-05-21 19:50:29,860 [main] S2Containerを作成しました。path=std-customizer-tiger.dicon
DEBUG 2015-05-21 19:50:29,898 [main] S2Containerを作成しました。path=std-customizer.dicon
DEBUG 2015-05-21 19:50:29,912 [main] S2Containerを作成しました。path=default-customizer.dicon
DEBUG 2015-05-21 19:50:29,933 [main] S2Containerを作成しました。path=customizer.dicon
DEBUG 2015-05-21 19:50:29,934 [main] S2Containerを作成します。path=creator.dicon
DEBUG 2015-05-21 19:50:29,968 [main] S2Containerを作成しました。path=creator.dicon
DEBUG 2015-05-21 19:50:29,978 [main] S2Containerを作成しました。path=warmdeploy.dicon
DEBUG 2015-05-21 19:50:29,994 [main] S2Containerを作成します。path=s2junit4.dicon
DEBUG 2015-05-21 19:50:30,044 [main] S2Containerを作成しました。path=s2junit4.dicon
DEBUG 2015-05-21 19:50:30,082 [main] 設定ファイル(app.dicon)をインクルードします
DEBUG 2015-05-21 19:50:30,082 [main] S2Containerを作成します。path=app.dicon
DEBUG 2015-05-21 19:50:30,095 [main] S2Containerを作成します。path=convention.dicon
DEBUG 2015-05-21 19:50:30,111 [main] S2Containerを作成しました。path=convention.dicon
DEBUG 2015-05-21 19:50:30,112 [main] S2Containerを作成します。path=aop.dicon
DEBUG 2015-05-21 19:50:30,150 [main] S2Containerを作成しました。path=aop.dicon
DEBUG 2015-05-21 19:50:30,150 [main] S2Containerを作成します。path=j2ee.dicon
DEBUG 2015-05-21 19:50:30,162 [main] S2Containerを作成します。path=jta.dicon
DEBUG 2015-05-21 19:50:30,179 [main] S2Containerを作成しました。path=jta.dicon
DEBUG 2015-05-21 19:50:30,180 [main] S2Containerを作成します。path=jdbc.dicon
DEBUG 2015-05-21 19:50:30,269 [main] S2Containerを作成しました。path=jdbc.dicon
DEBUG 2015-05-21 19:50:30,279 [main] S2Containerを作成しました。path=j2ee.dicon
DEBUG 2015-05-21 19:50:30,279 [main] S2Containerを作成します。path=s2jdbc.dicon
DEBUG 2015-05-21 19:50:30,291 [main] S2Containerを作成します。path=s2jdbc-internal.dicon
DEBUG 2015-05-21 19:50:30,309 [main] S2Containerを作成しました。path=s2jdbc-internal.dicon
DEBUG 2015-05-21 19:50:30,319 [main] S2Containerを作成しました。path=s2jdbc.dicon
DEBUG 2015-05-21 19:50:30,322 [main] S2Containerを作成しました。path=app.dicon
DEBUG 2015-05-21 19:50:30,407 [main] トランザクションを開始しました。tx=[FormatId=4360, GlobalId=1432205429660/1, BranchId=]
DEBUG 2015-05-21 19:50:30,412 [main] トランザクションをロールバックしました。tx=[FormatId=4360, GlobalId=1432205429660/1, BranchId=]
DEBUG 2015-05-21 19:50:30,425 [main] 環境変数#Envにファイル(env.txt)から値(ct)が設定されました
DEBUG 2015-05-21 19:50:30,427 [main] 環境変数#Envにファイル(env_ut.txt)から値(ut)が設定されました
DEBUG 2015-05-21 19:50:30,439 [main] S2Containerを作成します。path=warmdeploy.dicon
DEBUG 2015-05-21 19:50:30,450 [main] S2Containerを作成します。path=convention.dicon
DEBUG 2015-05-21 19:50:30,469 [main] S2Containerを作成しました。path=convention.dicon
DEBUG 2015-05-21 19:50:30,470 [main] S2Containerを作成します。path=customizer.dicon
DEBUG 2015-05-21 19:50:30,480 [main] S2Containerを作成します。path=default-customizer.dicon
DEBUG 2015-05-21 19:50:30,491 [main] S2Containerを作成します。path=std-customizer.dicon
DEBUG 2015-05-21 19:50:30,505 [main] S2Containerを作成します。path=std-customizer-tiger.dicon
DEBUG 2015-05-21 19:50:30,520 [main] S2Containerを作成しました。path=std-customizer-tiger.dicon
DEBUG 2015-05-21 19:50:30,557 [main] S2Containerを作成しました。path=std-customizer.dicon
DEBUG 2015-05-21 19:50:30,571 [main] S2Containerを作成しました。path=default-customizer.dicon
DEBUG 2015-05-21 19:50:30,586 [main] S2Containerを作成しました。path=customizer.dicon
DEBUG 2015-05-21 19:50:30,587 [main] S2Containerを作成します。path=creator.dicon
DEBUG 2015-05-21 19:50:30,613 [main] S2Containerを作成しました。path=creator.dicon
DEBUG 2015-05-21 19:50:30,629 [main] S2Containerを作成しました。path=warmdeploy.dicon
DEBUG 2015-05-21 19:50:30,641 [main] S2Containerを作成します。path=s2junit4.dicon
DEBUG 2015-05-21 19:50:30,683 [main] S2Containerを作成しました。path=s2junit4.dicon
DEBUG 2015-05-21 19:50:30,715 [main] 設定ファイル(app.dicon)をインクルードします
DEBUG 2015-05-21 19:50:30,715 [main] S2Containerを作成します。path=app.dicon
DEBUG 2015-05-21 19:50:30,727 [main] S2Containerを作成します。path=convention.dicon
DEBUG 2015-05-21 19:50:30,740 [main] S2Containerを作成しました。path=convention.dicon
DEBUG 2015-05-21 19:50:30,741 [main] S2Containerを作成します。path=aop.dicon
DEBUG 2015-05-21 19:50:30,763 [main] S2Containerを作成しました。path=aop.dicon
DEBUG 2015-05-21 19:50:30,763 [main] S2Containerを作成します。path=j2ee.dicon
DEBUG 2015-05-21 19:50:30,772 [main] S2Containerを作成します。path=jta.dicon
DEBUG 2015-05-21 19:50:30,791 [main] S2Containerを作成しました。path=jta.dicon
DEBUG 2015-05-21 19:50:30,791 [main] S2Containerを作成します。path=jdbc.dicon
DEBUG 2015-05-21 19:50:30,816 [main] S2Containerを作成しました。path=jdbc.dicon
DEBUG 2015-05-21 19:50:30,823 [main] S2Containerを作成しました。path=j2ee.dicon
DEBUG 2015-05-21 19:50:30,823 [main] S2Containerを作成します。path=s2jdbc.dicon
DEBUG 2015-05-21 19:50:30,834 [main] S2Containerを作成します。path=s2jdbc-internal.dicon
DEBUG 2015-05-21 19:50:30,854 [main] S2Containerを作成しました。path=s2jdbc-internal.dicon
DEBUG 2015-05-21 19:50:30,865 [main] S2Containerを作成しました。path=s2jdbc.dicon
DEBUG 2015-05-21 19:50:30,869 [main] S2Containerを作成しました。path=app.dicon
DEBUG 2015-05-21 19:50:31,000 [main] トランザクションを開始しました。tx=[FormatId=4360, GlobalId=1432205429660/2, BranchId=]
DEBUG 2015-05-21 19:50:31,004 [main] トランザクションをロールバックしました。tx=[FormatId=4360, GlobalId=1432205429660/2, BranchId=]
DEBUG 2015-05-21 19:50:31,016 [main] 環境変数#Envにファイル(env.txt)から値(ct)が設定されました
DEBUG 2015-05-21 19:50:31,017 [main] 環境変数#Envにファイル(env_ut.txt)から値(ut)が設定されました
DEBUG 2015-05-21 19:50:31,029 [main] S2Containerを作成します。path=warmdeploy.dicon
DEBUG 2015-05-21 19:50:31,039 [main] S2Containerを作成します。path=convention.dicon
DEBUG 2015-05-21 19:50:31,057 [main] S2Containerを作成しました。path=convention.dicon
DEBUG 2015-05-21 19:50:31,058 [main] S2Containerを作成します。path=customizer.dicon
DEBUG 2015-05-21 19:50:31,068 [main] S2Containerを作成します。path=default-customizer.dicon
DEBUG 2015-05-21 19:50:31,078 [main] S2Containerを作成します。path=std-customizer.dicon
DEBUG 2015-05-21 19:50:31,091 [main] S2Containerを作成します。path=std-customizer-tiger.dicon
DEBUG 2015-05-21 19:50:31,104 [main] S2Containerを作成しました。path=std-customizer-tiger.dicon
DEBUG 2015-05-21 19:50:31,134 [main] S2Containerを作成しました。path=std-customizer.dicon
DEBUG 2015-05-21 19:50:31,145 [main] S2Containerを作成しました。path=default-customizer.dicon
DEBUG 2015-05-21 19:50:31,159 [main] S2Containerを作成しました。path=customizer.dicon
DEBUG 2015-05-21 19:50:31,160 [main] S2Containerを作成します。path=creator.dicon
DEBUG 2015-05-21 19:50:31,193 [main] S2Containerを作成しました。path=creator.dicon
DEBUG 2015-05-21 19:50:31,203 [main] S2Containerを作成しました。path=warmdeploy.dicon
DEBUG 2015-05-21 19:50:31,218 [main] S2Containerを作成します。path=s2junit4.dicon
DEBUG 2015-05-21 19:50:31,266 [main] S2Containerを作成しました。path=s2junit4.dicon
DEBUG 2015-05-21 19:50:31,294 [main] 設定ファイル(app.dicon)をインクルードします
DEBUG 2015-05-21 19:50:31,294 [main] S2Containerを作成します。path=app.dicon
DEBUG 2015-05-21 19:50:31,304 [main] S2Containerを作成します。path=convention.dicon
DEBUG 2015-05-21 19:50:31,319 [main] S2Containerを作成しました。path=convention.dicon
DEBUG 2015-05-21 19:50:31,319 [main] S2Containerを作成します。path=aop.dicon
DEBUG 2015-05-21 19:50:31,338 [main] S2Containerを作成しました。path=aop.dicon
DEBUG 2015-05-21 19:50:31,339 [main] S2Containerを作成します。path=j2ee.dicon
DEBUG 2015-05-21 19:50:31,347 [main] S2Containerを作成します。path=jta.dicon
DEBUG 2015-05-21 19:50:31,364 [main] S2Containerを作成しました。path=jta.dicon
DEBUG 2015-05-21 19:50:31,364 [main] S2Containerを作成します。path=jdbc.dicon
DEBUG 2015-05-21 19:50:31,391 [main] S2Containerを作成しました。path=jdbc.dicon
DEBUG 2015-05-21 19:50:31,397 [main] S2Containerを作成しました。path=j2ee.dicon
DEBUG 2015-05-21 19:50:31,398 [main] S2Containerを作成します。path=s2jdbc.dicon
DEBUG 2015-05-21 19:50:31,408 [main] S2Containerを作成します。path=s2jdbc-internal.dicon
DEBUG 2015-05-21 19:50:31,422 [main] S2Containerを作成しました。path=s2jdbc-internal.dicon
DEBUG 2015-05-21 19:50:31,428 [main] S2Containerを作成しました。path=s2jdbc.dicon
DEBUG 2015-05-21 19:50:31,430 [main] S2Containerを作成しました。path=app.dicon
DEBUG 2015-05-21 19:50:31,537 [main] トランザクションを開始しました。tx=[FormatId=4360, GlobalId=1432205429660/3, BranchId=]
DEBUG 2015-05-21 19:50:31,541 [main] トランザクションをロールバックしました。tx=[FormatId=4360, GlobalId=1432205429660/3, BranchId=]
DEBUG 2015-05-21 19:50:31,556 [main] 環境変数#Envにファイル(env.txt)から値(ct)が設定されました
DEBUG 2015-05-21 19:50:31,558 [main] 環境変数#Envにファイル(env_ut.txt)から値(ut)が設定されました
DEBUG 2015-05-21 19:50:31,568 [main] S2Containerを作成します。path=warmdeploy.dicon
DEBUG 2015-05-21 19:50:31,578 [main] S2Containerを作成します。path=convention.dicon
DEBUG 2015-05-21 19:50:31,596 [main] S2Containerを作成しました。path=convention.dicon
DEBUG 2015-05-21 19:50:31,596 [main] S2Containerを作成します。path=customizer.dicon
DEBUG 2015-05-21 19:50:31,609 [main] S2Containerを作成します。path=default-customizer.dicon
DEBUG 2015-05-21 19:50:31,622 [main] S2Containerを作成します。path=std-customizer.dicon
DEBUG 2015-05-21 19:50:31,639 [main] S2Containerを作成します。path=std-customizer-tiger.dicon
DEBUG 2015-05-21 19:50:31,655 [main] S2Containerを作成しました。path=std-customizer-tiger.dicon
DEBUG 2015-05-21 19:50:31,678 [main] S2Containerを作成しました。path=std-customizer.dicon
DEBUG 2015-05-21 19:50:31,686 [main] S2Containerを作成しました。path=default-customizer.dicon
DEBUG 2015-05-21 19:50:31,696 [main] S2Containerを作成しました。path=customizer.dicon
DEBUG 2015-05-21 19:50:31,696 [main] S2Containerを作成します。path=creator.dicon
DEBUG 2015-05-21 19:50:31,723 [main] S2Containerを作成しました。path=creator.dicon
DEBUG 2015-05-21 19:50:31,732 [main] S2Containerを作成しました。path=warmdeploy.dicon
DEBUG 2015-05-21 19:50:31,746 [main] S2Containerを作成します。path=s2junit4.dicon
DEBUG 2015-05-21 19:50:31,791 [main] S2Containerを作成しました。path=s2junit4.dicon
DEBUG 2015-05-21 19:50:31,831 [main] 設定ファイル(app.dicon)をインクルードします
DEBUG 2015-05-21 19:50:31,831 [main] S2Containerを作成します。path=app.dicon
DEBUG 2015-05-21 19:50:31,842 [main] S2Containerを作成します。path=convention.dicon
DEBUG 2015-05-21 19:50:31,857 [main] S2Containerを作成しました。path=convention.dicon
DEBUG 2015-05-21 19:50:31,857 [main] S2Containerを作成します。path=aop.dicon
DEBUG 2015-05-21 19:50:31,881 [main] S2Containerを作成しました。path=aop.dicon
DEBUG 2015-05-21 19:50:31,881 [main] S2Containerを作成します。path=j2ee.dicon
DEBUG 2015-05-21 19:50:31,892 [main] S2Containerを作成します。path=jta.dicon
DEBUG 2015-05-21 19:50:31,909 [main] S2Containerを作成しました。path=jta.dicon
DEBUG 2015-05-21 19:50:31,909 [main] S2Containerを作成します。path=jdbc.dicon
DEBUG 2015-05-21 19:50:31,926 [main] S2Containerを作成しました。path=jdbc.dicon
DEBUG 2015-05-21 19:50:31,931 [main] S2Containerを作成しました。path=j2ee.dicon
DEBUG 2015-05-21 19:50:31,931 [main] S2Containerを作成します。path=s2jdbc.dicon
DEBUG 2015-05-21 19:50:31,940 [main] S2Containerを作成します。path=s2jdbc-internal.dicon
DEBUG 2015-05-21 19:50:31,954 [main] S2Containerを作成しました。path=s2jdbc-internal.dicon
DEBUG 2015-05-21 19:50:31,959 [main] S2Containerを作成しました。path=s2jdbc.dicon
DEBUG 2015-05-21 19:50:31,961 [main] S2Containerを作成しました。path=app.dicon
DEBUG 2015-05-21 19:50:32,035 [main] トランザクションを開始しました。tx=[FormatId=4360, GlobalId=1432205429660/4, BranchId=]
DEBUG 2015-05-21 19:50:32,040 [main] トランザクションをロールバックしました。tx=[FormatId=4360, GlobalId=1432205429660/4, BranchId=]
DEBUG 2015-05-21 19:50:32,053 [main] 環境変数#Envにファイル(env.txt)から値(ct)が設定されました
DEBUG 2015-05-21 19:50:32,055 [main] 環境変数#Envにファイル(env_ut.txt)から値(ut)が設定されました
DEBUG 2015-05-21 19:50:32,068 [main] S2Containerを作成します。path=warmdeploy.dicon
DEBUG 2015-05-21 19:50:32,080 [main] S2Containerを作成します。path=convention.dicon
DEBUG 2015-05-21 19:50:32,098 [main] S2Containerを作成しました。path=convention.dicon
DEBUG 2015-05-21 19:50:32,098 [main] S2Containerを作成します。path=customizer.dicon
DEBUG 2015-05-21 19:50:32,108 [main] S2Containerを作成します。path=default-customizer.dicon
DEBUG 2015-05-21 19:50:32,120 [main] S2Containerを作成します。path=std-customizer.dicon
DEBUG 2015-05-21 19:50:32,137 [main] S2Containerを作成します。path=std-customizer-tiger.dicon
DEBUG 2015-05-21 19:50:32,151 [main] S2Containerを作成しました。path=std-customizer-tiger.dicon
DEBUG 2015-05-21 19:50:32,175 [main] S2Containerを作成しました。path=std-customizer.dicon
DEBUG 2015-05-21 19:50:32,184 [main] S2Containerを作成しました。path=default-customizer.dicon
DEBUG 2015-05-21 19:50:32,196 [main] S2Containerを作成しました。path=customizer.dicon
DEBUG 2015-05-21 19:50:32,196 [main] S2Containerを作成します。path=creator.dicon
DEBUG 2015-05-21 19:50:32,217 [main] S2Containerを作成しました。path=creator.dicon
DEBUG 2015-05-21 19:50:32,226 [main] S2Containerを作成しました。path=warmdeploy.dicon
DEBUG 2015-05-21 19:50:32,236 [main] S2Containerを作成します。path=s2junit4.dicon
DEBUG 2015-05-21 19:50:32,281 [main] S2Containerを作成しました。path=s2junit4.dicon
DEBUG 2015-05-21 19:50:32,307 [main] 設定ファイル(app.dicon)をインクルードします
DEBUG 2015-05-21 19:50:32,307 [main] S2Containerを作成します。path=app.dicon
DEBUG 2015-05-21 19:50:32,315 [main] S2Containerを作成します。path=convention.dicon
DEBUG 2015-05-21 19:50:32,325 [main] S2Containerを作成しました。path=convention.dicon
DEBUG 2015-05-21 19:50:32,326 [main] S2Containerを作成します。path=aop.dicon
DEBUG 2015-05-21 19:50:32,342 [main] S2Containerを作成しました。path=aop.dicon
DEBUG 2015-05-21 19:50:32,342 [main] S2Containerを作成します。path=j2ee.dicon
DEBUG 2015-05-21 19:50:32,354 [main] S2Containerを作成します。path=jta.dicon
DEBUG 2015-05-21 19:50:32,371 [main] S2Containerを作成しました。path=jta.dicon
DEBUG 2015-05-21 19:50:32,372 [main] S2Containerを作成します。path=jdbc.dicon
DEBUG 2015-05-21 19:50:32,393 [main] S2Containerを作成しました。path=jdbc.dicon
DEBUG 2015-05-21 19:50:32,399 [main] S2Containerを作成しました。path=j2ee.dicon
DEBUG 2015-05-21 19:50:32,400 [main] S2Containerを作成します。path=s2jdbc.dicon
DEBUG 2015-05-21 19:50:32,411 [main] S2Containerを作成します。path=s2jdbc-internal.dicon
DEBUG 2015-05-21 19:50:32,426 [main] S2Containerを作成しました。path=s2jdbc-internal.dicon
DEBUG 2015-05-21 19:50:32,431 [main] S2Containerを作成しました。path=s2jdbc.dicon
DEBUG 2015-05-21 19:50:32,432 [main] S2Containerを作成しました。path=app.dicon
DEBUG 2015-05-21 19:50:32,502 [main] トランザクションを開始しました。tx=[FormatId=4360, GlobalId=1432205429660/5, BranchId=]
DEBUG 2015-05-21 19:50:32,538 [main] トランザクションをロールバックしました。tx=[FormatId=4360, GlobalId=1432205429660/5, BranchId=]
DEBUG 2015-05-21 19:50:32,552 [main] 環境変数#Envにファイル(env.txt)から値(ct)が設定されました
DEBUG 2015-05-21 19:50:32,553 [main] 環境変数#Envにファイル(env_ut.txt)から値(ut)が設定されました
DEBUG 2015-05-21 19:50:32,567 [main] S2Containerを作成します。path=warmdeploy.dicon
DEBUG 2015-05-21 19:50:32,580 [main] S2Containerを作成します。path=convention.dicon
DEBUG 2015-05-21 19:50:32,602 [main] S2Containerを作成しました。path=convention.dicon
DEBUG 2015-05-21 19:50:32,602 [main] S2Containerを作成します。path=customizer.dicon
DEBUG 2015-05-21 19:50:32,675 [main] S2Containerを作成します。path=default-customizer.dicon
DEBUG 2015-05-21 19:50:32,688 [main] S2Containerを作成します。path=std-customizer.dicon
DEBUG 2015-05-21 19:50:32,703 [main] S2Containerを作成します。path=std-customizer-tiger.dicon
DEBUG 2015-05-21 19:50:32,718 [main] S2Containerを作成しました。path=std-customizer-tiger.dicon
DEBUG 2015-05-21 19:50:32,748 [main] S2Containerを作成しました。path=std-customizer.dicon
DEBUG 2015-05-21 19:50:32,758 [main] S2Containerを作成しました。path=default-customizer.dicon
DEBUG 2015-05-21 19:50:32,769 [main] S2Containerを作成しました。path=customizer.dicon
DEBUG 2015-05-21 19:50:32,769 [main] S2Containerを作成します。path=creator.dicon
DEBUG 2015-05-21 19:50:32,794 [main] S2Containerを作成しました。path=creator.dicon
DEBUG 2015-05-21 19:50:32,801 [main] S2Containerを作成しました。path=warmdeploy.dicon
DEBUG 2015-05-21 19:50:32,814 [main] S2Containerを作成します。path=s2junit4.dicon
DEBUG 2015-05-21 19:50:32,856 [main] S2Containerを作成しました。path=s2junit4.dicon
DEBUG 2015-05-21 19:50:32,890 [main] 設定ファイル(app.dicon)をインクルードします
DEBUG 2015-05-21 19:50:32,891 [main] S2Containerを作成します。path=app.dicon
DEBUG 2015-05-21 19:50:32,900 [main] S2Containerを作成します。path=convention.dicon
DEBUG 2015-05-21 19:50:32,911 [main] S2Containerを作成しました。path=convention.dicon
DEBUG 2015-05-21 19:50:32,912 [main] S2Containerを作成します。path=aop.dicon
DEBUG 2015-05-21 19:50:32,932 [main] S2Containerを作成しました。path=aop.dicon
DEBUG 2015-05-21 19:50:32,932 [main] S2Containerを作成します。path=j2ee.dicon
DEBUG 2015-05-21 19:50:32,941 [main] S2Containerを作成します。path=jta.dicon
DEBUG 2015-05-21 19:50:32,957 [main] S2Containerを作成しました。path=jta.dicon
DEBUG 2015-05-21 19:50:32,957 [main] S2Containerを作成します。path=jdbc.dicon
DEBUG 2015-05-21 19:50:32,974 [main] S2Containerを作成しました。path=jdbc.dicon
DEBUG 2015-05-21 19:50:32,979 [main] S2Containerを作成しました。path=j2ee.dicon
DEBUG 2015-05-21 19:50:32,979 [main] S2Containerを作成します。path=s2jdbc.dicon
DEBUG 2015-05-21 19:50:32,990 [main] S2Containerを作成します。path=s2jdbc-internal.dicon
DEBUG 2015-05-21 19:50:33,006 [main] S2Containerを作成しました。path=s2jdbc-internal.dicon
DEBUG 2015-05-21 19:50:33,012 [main] S2Containerを作成しました。path=s2jdbc.dicon
DEBUG 2015-05-21 19:50:33,014 [main] S2Containerを作成しました。path=app.dicon
DEBUG 2015-05-21 19:50:33,077 [main] トランザクションを開始しました。tx=[FormatId=4360, GlobalId=1432205429660/6, BranchId=]
DEBUG 2015-05-21 19:50:33,081 [main] トランザクションをロールバックしました。tx=[FormatId=4360, GlobalId=1432205429660/6, BranchId=]
DEBUG 2015-05-21 19:50:33,092 [main] 環境変数#Envにファイル(env.txt)から値(ct)が設定されました
DEBUG 2015-05-21 19:50:33,093 [main] 環境変数#Envにファイル(env_ut.txt)から値(ut)が設定されました
DEBUG 2015-05-21 19:50:33,105 [main] S2Containerを作成します。path=warmdeploy.dicon
DEBUG 2015-05-21 19:50:33,113 [main] S2Containerを作成します。path=convention.dicon
DEBUG 2015-05-21 19:50:33,124 [main] S2Containerを作成しました。path=convention.dicon
DEBUG 2015-05-21 19:50:33,124 [main] S2Containerを作成します。path=customizer.dicon
DEBUG 2015-05-21 19:50:33,131 [main] S2Containerを作成します。path=default-customizer.dicon
DEBUG 2015-05-21 19:50:33,139 [main] S2Containerを作成します。path=std-customizer.dicon
DEBUG 2015-05-21 19:50:33,154 [main] S2Containerを作成します。path=std-customizer-tiger.dicon
DEBUG 2015-05-21 19:50:33,167 [main] S2Containerを作成しました。path=std-customizer-tiger.dicon
DEBUG 2015-05-21 19:50:33,189 [main] S2Containerを作成しました。path=std-customizer.dicon
DEBUG 2015-05-21 19:50:33,194 [main] S2Containerを作成しました。path=default-customizer.dicon
DEBUG 2015-05-21 19:50:33,200 [main] S2Containerを作成しました。path=customizer.dicon
DEBUG 2015-05-21 19:50:33,200 [main] S2Containerを作成します。path=creator.dicon
DEBUG 2015-05-21 19:50:33,215 [main] S2Containerを作成しました。path=creator.dicon
DEBUG 2015-05-21 19:50:33,219 [main] S2Containerを作成しました。path=warmdeploy.dicon
DEBUG 2015-05-21 19:50:33,226 [main] S2Containerを作成します。path=s2junit4.dicon
DEBUG 2015-05-21 19:50:33,260 [main] S2Containerを作成しました。path=s2junit4.dicon
DEBUG 2015-05-21 19:50:33,292 [main] 設定ファイル(app.dicon)をインクルードします
DEBUG 2015-05-21 19:50:33,293 [main] S2Containerを作成します。path=app.dicon
DEBUG 2015-05-21 19:50:33,299 [main] S2Containerを作成します。path=convention.dicon
DEBUG 2015-05-21 19:50:33,307 [main] S2Containerを作成しました。path=convention.dicon
DEBUG 2015-05-21 19:50:33,308 [main] S2Containerを作成します。path=aop.dicon
DEBUG 2015-05-21 19:50:33,321 [main] S2Containerを作成しました。path=aop.dicon
DEBUG 2015-05-21 19:50:33,321 [main] S2Containerを作成します。path=j2ee.dicon
DEBUG 2015-05-21 19:50:33,329 [main] S2Containerを作成します。path=jta.dicon
DEBUG 2015-05-21 19:50:33,338 [main] S2Containerを作成しました。path=jta.dicon
DEBUG 2015-05-21 19:50:33,338 [main] S2Containerを作成します。path=jdbc.dicon
DEBUG 2015-05-21 19:50:33,350 [main] S2Containerを作成しました。path=jdbc.dicon
DEBUG 2015-05-21 19:50:33,356 [main] S2Containerを作成しました。path=j2ee.dicon
DEBUG 2015-05-21 19:50:33,356 [main] S2Containerを作成します。path=s2jdbc.dicon
DEBUG 2015-05-21 19:50:33,362 [main] S2Containerを作成します。path=s2jdbc-internal.dicon
DEBUG 2015-05-21 19:50:33,371 [main] S2Containerを作成しました。path=s2jdbc-internal.dicon
DEBUG 2015-05-21 19:50:33,375 [main] S2Containerを作成しました。path=s2jdbc.dicon
DEBUG 2015-05-21 19:50:33,376 [main] S2Containerを作成しました。path=app.dicon
DEBUG 2015-05-21 19:50:33,416 [main] トランザクションを開始しました。tx=[FormatId=4360, GlobalId=1432205429660/7, BranchId=]
DEBUG 2015-05-21 19:50:33,419 [main] トランザクションをロールバックしました。tx=[FormatId=4360, GlobalId=1432205429660/7, BranchId=]
DEBUG 2015-05-21 19:50:33,425 [main] 環境変数#Envにファイル(env.txt)から値(ct)が設定されました
DEBUG 2015-05-21 19:50:33,426 [main] 環境変数#Envにファイル(env_ut.txt)から値(ut)が設定されました
DEBUG 2015-05-21 19:50:33,433 [main] S2Containerを作成します。path=warmdeploy.dicon
DEBUG 2015-05-21 19:50:33,440 [main] S2Containerを作成します。path=convention.dicon
DEBUG 2015-05-21 19:50:33,450 [main] S2Containerを作成しました。path=convention.dicon
DEBUG 2015-05-21 19:50:33,450 [main] S2Containerを作成します。path=customizer.dicon
DEBUG 2015-05-21 19:50:33,457 [main] S2Containerを作成します。path=default-customizer.dicon
DEBUG 2015-05-21 19:50:33,464 [main] S2Containerを作成します。path=std-customizer.dicon
DEBUG 2015-05-21 19:50:33,474 [main] S2Containerを作成します。path=std-customizer-tiger.dicon
DEBUG 2015-05-21 19:50:33,486 [main] S2Containerを作成しました。path=std-customizer-tiger.dicon
DEBUG 2015-05-21 19:50:33,504 [main] S2Containerを作成しました。path=std-customizer.dicon
DEBUG 2015-05-21 19:50:33,509 [main] S2Containerを作成しました。path=default-customizer.dicon
DEBUG 2015-05-21 19:50:33,515 [main] S2Containerを作成しました。path=customizer.dicon
DEBUG 2015-05-21 19:50:33,515 [main] S2Containerを作成します。path=creator.dicon
DEBUG 2015-05-21 19:50:33,534 [main] S2Containerを作成しました。path=creator.dicon
DEBUG 2015-05-21 19:50:33,540 [main] S2Containerを作成しました。path=warmdeploy.dicon
DEBUG 2015-05-21 19:50:33,549 [main] S2Containerを作成します。path=s2junit4.dicon
DEBUG 2015-05-21 19:50:33,572 [main] S2Containerを作成しました。path=s2junit4.dicon
DEBUG 2015-05-21 19:50:33,597 [main] 設定ファイル(app.dicon)をインクルードします
DEBUG 2015-05-21 19:50:33,597 [main] S2Containerを作成します。path=app.dicon
DEBUG 2015-05-21 19:50:33,605 [main] S2Containerを作成します。path=convention.dicon
DEBUG 2015-05-21 19:50:33,616 [main] S2Containerを作成しました。path=convention.dicon
DEBUG 2015-05-21 19:50:33,617 [main] S2Containerを作成します。path=aop.dicon
DEBUG 2015-05-21 19:50:33,633 [main] S2Containerを作成しました。path=aop.dicon
DEBUG 2015-05-21 19:50:33,633 [main] S2Containerを作成します。path=j2ee.dicon
DEBUG 2015-05-21 19:50:33,641 [main] S2Containerを作成します。path=jta.dicon
DEBUG 2015-05-21 19:50:33,654 [main] S2Containerを作成しました。path=jta.dicon
DEBUG 2015-05-21 19:50:33,654 [main] S2Containerを作成します。path=jdbc.dicon
DEBUG 2015-05-21 19:50:33,671 [main] S2Containerを作成しました。path=jdbc.dicon
DEBUG 2015-05-21 19:50:33,674 [main] S2Containerを作成しました。path=j2ee.dicon
DEBUG 2015-05-21 19:50:33,674 [main] S2Containerを作成します。path=s2jdbc.dicon
DEBUG 2015-05-21 19:50:33,680 [main] S2Containerを作成します。path=s2jdbc-internal.dicon
DEBUG 2015-05-21 19:50:33,692 [main] S2Containerを作成しました。path=s2jdbc-internal.dicon
DEBUG 2015-05-21 19:50:33,697 [main] S2Containerを作成しました。path=s2jdbc.dicon
DEBUG 2015-05-21 19:50:33,699 [main] S2Containerを作成しました。path=app.dicon
DEBUG 2015-05-21 19:50:33,745 [main] トランザクションを開始しました。tx=[FormatId=4360, GlobalId=1432205429660/8, BranchId=]
DEBUG 2015-05-21 19:50:33,748 [main] トランザクションをロールバックしました。tx=[FormatId=4360, GlobalId=1432205429660/8, BranchId=]
DEBUG 2015-05-21 19:50:33,755 [main] 環境変数#Envにファイル(env.txt)から値(ct)が設定されました
DEBUG 2015-05-21 19:50:33,802 [main] 環境変数#Envにファイル(env_ut.txt)から値(ut)が設定されました
DEBUG 2015-05-21 19:50:33,812 [main] S2Containerを作成します。path=warmdeploy.dicon
DEBUG 2015-05-21 19:50:33,822 [main] S2Containerを作成します。path=convention.dicon
DEBUG 2015-05-21 19:50:33,836 [main] S2Containerを作成しました。path=convention.dicon
DEBUG 2015-05-21 19:50:33,837 [main] S2Containerを作成します。path=customizer.dicon
DEBUG 2015-05-21 19:50:33,843 [main] S2Containerを作成します。path=default-customizer.dicon
DEBUG 2015-05-21 19:50:33,850 [main] S2Containerを作成します。path=std-customizer.dicon
DEBUG 2015-05-21 19:50:33,859 [main] S2Containerを作成します。path=std-customizer-tiger.dicon
DEBUG 2015-05-21 19:50:33,867 [main] S2Containerを作成しました。path=std-customizer-tiger.dicon
DEBUG 2015-05-21 19:50:33,882 [main] S2Containerを作成しました。path=std-customizer.dicon
DEBUG 2015-05-21 19:50:33,887 [main] S2Containerを作成しました。path=default-customizer.dicon
DEBUG 2015-05-21 19:50:33,895 [main] S2Containerを作成しました。path=customizer.dicon
DEBUG 2015-05-21 19:50:33,895 [main] S2Containerを作成します。path=creator.dicon
DEBUG 2015-05-21 19:50:33,912 [main] S2Containerを作成しました。path=creator.dicon
DEBUG 2015-05-21 19:50:33,917 [main] S2Containerを作成しました。path=warmdeploy.dicon
DEBUG 2015-05-21 19:50:33,927 [main] S2Containerを作成します。path=s2junit4.dicon
DEBUG 2015-05-21 19:50:33,955 [main] S2Containerを作成しました。path=s2junit4.dicon
DEBUG 2015-05-21 19:50:33,984 [main] 設定ファイル(app.dicon)をインクルードします
DEBUG 2015-05-21 19:50:33,985 [main] S2Containerを作成します。path=app.dicon
DEBUG 2015-05-21 19:50:33,991 [main] S2Containerを作成します。path=convention.dicon
DEBUG 2015-05-21 19:50:33,999 [main] S2Containerを作成しました。path=convention.dicon
DEBUG 2015-05-21 19:50:33,999 [main] S2Containerを作成します。path=aop.dicon
DEBUG 2015-05-21 19:50:34,016 [main] S2Containerを作成しました。path=aop.dicon
DEBUG 2015-05-21 19:50:34,016 [main] S2Containerを作成します。path=j2ee.dicon
DEBUG 2015-05-21 19:50:34,024 [main] S2Containerを作成します。path=jta.dicon
DEBUG 2015-05-21 19:50:34,037 [main] S2Containerを作成しました。path=jta.dicon
DEBUG 2015-05-21 19:50:34,038 [main] S2Containerを作成します。path=jdbc.dicon
DEBUG 2015-05-21 19:50:34,055 [main] S2Containerを作成しました。path=jdbc.dicon
DEBUG 2015-05-21 19:50:34,060 [main] S2Containerを作成しました。path=j2ee.dicon
DEBUG 2015-05-21 19:50:34,061 [main] S2Containerを作成します。path=s2jdbc.dicon
DEBUG 2015-05-21 19:50:34,070 [main] S2Containerを作成します。path=s2jdbc-internal.dicon
DEBUG 2015-05-21 19:50:34,085 [main] S2Containerを作成しました。path=s2jdbc-internal.dicon
DEBUG 2015-05-21 19:50:34,089 [main] S2Containerを作成しました。path=s2jdbc.dicon
DEBUG 2015-05-21 19:50:34,091 [main] S2Containerを作成しました。path=app.dicon
DEBUG 2015-05-21 19:50:34,137 [main] トランザクションを開始しました。tx=[FormatId=4360, GlobalId=1432205429660/9, BranchId=]
DEBUG 2015-05-21 19:50:34,139 [main] トランザクションをロールバックしました。tx=[FormatId=4360, GlobalId=1432205429660/9, BranchId=]
DEBUG 2015-05-21 19:50:34,147 [main] 環境変数#Envにファイル(env.txt)から値(ct)が設定されました
DEBUG 2015-05-22 16:17:53,790 [main] 環境変数#Envにファイル(env.txt)から値(ct)が設定されました
DEBUG 2015-05-22 16:17:53,805 [main] 環境変数#Envにファイル(env_ut.txt)から値(ut)が設定されました
DEBUG 2015-05-22 16:17:54,318 [main] 環境変数#Envにファイル(env_ut.txt)から値(ut)が設定されました
DEBUG 2015-05-22 16:17:54,732 [main] S2Containerを作成します。path=warmdeploy.dicon
DEBUG 2015-05-22 16:17:54,758 [main] S2Containerを作成します。path=convention.dicon
DEBUG 2015-05-22 16:17:55,036 [main] S2Containerを作成しました。path=convention.dicon
DEBUG 2015-05-22 16:17:55,037 [main] S2Containerを作成します。path=customizer.dicon
DEBUG 2015-05-22 16:17:55,051 [main] S2Containerを作成します。path=default-customizer.dicon
DEBUG 2015-05-22 16:17:55,066 [main] S2Containerを作成します。path=std-customizer.dicon
DEBUG 2015-05-22 16:17:55,099 [main] S2Containerを作成します。path=std-customizer-tiger.dicon
DEBUG 2015-05-22 16:17:55,160 [main] S2Containerを作成しました。path=std-customizer-tiger.dicon
DEBUG 2015-05-22 16:17:55,204 [main] S2Containerを作成しました。path=std-customizer.dicon
DEBUG 2015-05-22 16:17:55,221 [main] S2Containerを作成しました。path=default-customizer.dicon
DEBUG 2015-05-22 16:17:55,264 [main] S2Containerを作成しました。path=customizer.dicon
DEBUG 2015-05-22 16:17:55,264 [main] S2Containerを作成します。path=creator.dicon
DEBUG 2015-05-22 16:17:55,313 [main] S2Containerを作成しました。path=creator.dicon
DEBUG 2015-05-22 16:17:55,329 [main] S2Containerを作成しました。path=warmdeploy.dicon
DEBUG 2015-05-22 16:17:55,427 [main] S2Containerを作成します。path=s2junit4.dicon
DEBUG 2015-05-22 16:17:55,689 [main] S2Containerを作成しました。path=s2junit4.dicon
DEBUG 2015-05-22 16:17:55,805 [main] 設定ファイル(app.dicon)をインクルードします
DEBUG 2015-05-22 16:17:55,805 [main] S2Containerを作成します。path=app.dicon
DEBUG 2015-05-22 16:17:55,818 [main] S2Containerを作成します。path=convention.dicon
DEBUG 2015-05-22 16:17:55,834 [main] S2Containerを作成しました。path=convention.dicon
DEBUG 2015-05-22 16:17:55,834 [main] S2Containerを作成します。path=aop.dicon
DEBUG 2015-05-22 16:17:55,896 [main] S2Containerを作成しました。path=aop.dicon
DEBUG 2015-05-22 16:17:55,896 [main] S2Containerを作成します。path=j2ee.dicon
DEBUG 2015-05-22 16:17:55,905 [main] S2Containerを作成します。path=jta.dicon
DEBUG 2015-05-22 16:17:55,948 [main] S2Containerを作成しました。path=jta.dicon
DEBUG 2015-05-22 16:17:55,949 [main] S2Containerを作成します。path=jdbc.dicon
DEBUG 2015-05-22 16:17:56,004 [main] S2Containerを作成しました。path=jdbc.dicon
DEBUG 2015-05-22 16:17:56,020 [main] S2Containerを作成しました。path=j2ee.dicon
DEBUG 2015-05-22 16:17:56,020 [main] S2Containerを作成します。path=s2jdbc.dicon
DEBUG 2015-05-22 16:17:56,036 [main] S2Containerを作成します。path=s2jdbc-internal.dicon
DEBUG 2015-05-22 16:17:56,065 [main] S2Containerを作成しました。path=s2jdbc-internal.dicon
DEBUG 2015-05-22 16:17:56,156 [main] S2Containerを作成しました。path=s2jdbc.dicon
DEBUG 2015-05-22 16:17:56,161 [main] S2Containerを作成しました。path=app.dicon
DEBUG 2015-05-22 16:17:56,473 [main] トランザクションを開始しました。tx=[FormatId=4360, GlobalId=1432279076472/0, BranchId=]
DEBUG 2015-05-22 16:17:56,515 [main] トランザクションをロールバックしました。tx=[FormatId=4360, GlobalId=1432279076472/0, BranchId=]
DEBUG 2015-05-22 16:17:56,541 [main] 環境変数#Envにファイル(env.txt)から値(ct)が設定されました
DEBUG 2015-05-22 16:17:56,543 [main] 環境変数#Envにファイル(env_ut.txt)から値(ut)が設定されました
DEBUG 2015-05-22 16:17:56,553 [main] S2Containerを作成します。path=warmdeploy.dicon
DEBUG 2015-05-22 16:17:56,560 [main] S2Containerを作成します。path=convention.dicon
DEBUG 2015-05-22 16:17:56,573 [main] S2Containerを作成しました。path=convention.dicon
DEBUG 2015-05-22 16:17:56,574 [main] S2Containerを作成します。path=customizer.dicon
DEBUG 2015-05-22 16:17:56,581 [main] S2Containerを作成します。path=default-customizer.dicon
DEBUG 2015-05-22 16:17:56,588 [main] S2Containerを作成します。path=std-customizer.dicon
DEBUG 2015-05-22 16:17:56,597 [main] S2Containerを作成します。path=std-customizer-tiger.dicon
DEBUG 2015-05-22 16:17:56,607 [main] S2Containerを作成しました。path=std-customizer-tiger.dicon
DEBUG 2015-05-22 16:17:56,630 [main] S2Containerを作成しました。path=std-customizer.dicon
DEBUG 2015-05-22 16:17:56,642 [main] S2Containerを作成しました。path=default-customizer.dicon
DEBUG 2015-05-22 16:17:56,652 [main] S2Containerを作成しました。path=customizer.dicon
DEBUG 2015-05-22 16:17:56,653 [main] S2Containerを作成します。path=creator.dicon
DEBUG 2015-05-22 16:17:56,679 [main] S2Containerを作成しました。path=creator.dicon
DEBUG 2015-05-22 16:17:56,686 [main] S2Containerを作成しました。path=warmdeploy.dicon
DEBUG 2015-05-22 16:17:56,698 [main] S2Containerを作成します。path=s2junit4.dicon
DEBUG 2015-05-22 16:17:56,739 [main] S2Containerを作成しました。path=s2junit4.dicon
DEBUG 2015-05-22 16:17:56,765 [main] 設定ファイル(app.dicon)をインクルードします
DEBUG 2015-05-22 16:17:56,765 [main] S2Containerを作成します。path=app.dicon
DEBUG 2015-05-22 16:17:56,774 [main] S2Containerを作成します。path=convention.dicon
DEBUG 2015-05-22 16:17:56,788 [main] S2Containerを作成しました。path=convention.dicon
DEBUG 2015-05-22 16:17:56,788 [main] S2Containerを作成します。path=aop.dicon
DEBUG 2015-05-22 16:17:56,806 [main] S2Containerを作成しました。path=aop.dicon
DEBUG 2015-05-22 16:17:56,806 [main] S2Containerを作成します。path=j2ee.dicon
DEBUG 2015-05-22 16:17:56,813 [main] S2Containerを作成します。path=jta.dicon
DEBUG 2015-05-22 16:17:56,824 [main] S2Containerを作成しました。path=jta.dicon
DEBUG 2015-05-22 16:17:56,824 [main] S2Containerを作成します。path=jdbc.dicon
DEBUG 2015-05-22 16:17:56,866 [main] S2Containerを作成しました。path=jdbc.dicon
DEBUG 2015-05-22 16:17:56,875 [main] S2Containerを作成しました。path=j2ee.dicon
DEBUG 2015-05-22 16:17:56,875 [main] S2Containerを作成します。path=s2jdbc.dicon
DEBUG 2015-05-22 16:17:56,888 [main] S2Containerを作成します。path=s2jdbc-internal.dicon
DEBUG 2015-05-22 16:17:56,904 [main] S2Containerを作成しました。path=s2jdbc-internal.dicon
DEBUG 2015-05-22 16:17:56,909 [main] S2Containerを作成しました。path=s2jdbc.dicon
DEBUG 2015-05-22 16:17:56,911 [main] S2Containerを作成しました。path=app.dicon
DEBUG 2015-05-22 16:17:56,969 [main] トランザクションを開始しました。tx=[FormatId=4360, GlobalId=1432279076472/1, BranchId=]
DEBUG 2015-05-22 16:17:56,973 [main] トランザクションをロールバックしました。tx=[FormatId=4360, GlobalId=1432279076472/1, BranchId=]
DEBUG 2015-05-22 16:17:56,987 [main] 環境変数#Envにファイル(env.txt)から値(ct)が設定されました
DEBUG 2015-05-22 16:17:56,988 [main] 環境変数#Envにファイル(env_ut.txt)から値(ut)が設定されました
DEBUG 2015-05-22 16:17:56,999 [main] S2Containerを作成します。path=warmdeploy.dicon
DEBUG 2015-05-22 16:17:57,009 [main] S2Containerを作成します。path=convention.dicon
DEBUG 2015-05-22 16:17:57,026 [main] S2Containerを作成しました。path=convention.dicon
DEBUG 2015-05-22 16:17:57,026 [main] S2Containerを作成します。path=customizer.dicon
DEBUG 2015-05-22 16:17:57,034 [main] S2Containerを作成します。path=default-customizer.dicon
DEBUG 2015-05-22 16:17:57,044 [main] S2Containerを作成します。path=std-customizer.dicon
DEBUG 2015-05-22 16:17:57,055 [main] S2Containerを作成します。path=std-customizer-tiger.dicon
DEBUG 2015-05-22 16:17:57,064 [main] S2Containerを作成しました。path=std-customizer-tiger.dicon
DEBUG 2015-05-22 16:17:57,088 [main] S2Containerを作成しました。path=std-customizer.dicon
DEBUG 2015-05-22 16:17:57,095 [main] S2Containerを作成しました。path=default-customizer.dicon
DEBUG 2015-05-22 16:17:57,106 [main] S2Containerを作成しました。path=customizer.dicon
DEBUG 2015-05-22 16:17:57,106 [main] S2Containerを作成します。path=creator.dicon
DEBUG 2015-05-22 16:17:57,124 [main] S2Containerを作成しました。path=creator.dicon
DEBUG 2015-05-22 16:17:57,130 [main] S2Containerを作成しました。path=warmdeploy.dicon
DEBUG 2015-05-22 16:17:57,141 [main] S2Containerを作成します。path=s2junit4.dicon
DEBUG 2015-05-22 16:17:57,181 [main] S2Containerを作成しました。path=s2junit4.dicon
DEBUG 2015-05-22 16:17:57,205 [main] 設定ファイル(app.dicon)をインクルードします
DEBUG 2015-05-22 16:17:57,205 [main] S2Containerを作成します。path=app.dicon
DEBUG 2015-05-22 16:17:57,212 [main] S2Containerを作成します。path=convention.dicon
DEBUG 2015-05-22 16:17:57,222 [main] S2Containerを作成しました。path=convention.dicon
DEBUG 2015-05-22 16:17:57,222 [main] S2Containerを作成します。path=aop.dicon
DEBUG 2015-05-22 16:17:57,239 [main] S2Containerを作成しました。path=aop.dicon
DEBUG 2015-05-22 16:17:57,240 [main] S2Containerを作成します。path=j2ee.dicon
DEBUG 2015-05-22 16:17:57,247 [main] S2Containerを作成します。path=jta.dicon
DEBUG 2015-05-22 16:17:57,261 [main] S2Containerを作成しました。path=jta.dicon
DEBUG 2015-05-22 16:17:57,261 [main] S2Containerを作成します。path=jdbc.dicon
DEBUG 2015-05-22 16:17:57,280 [main] S2Containerを作成しました。path=jdbc.dicon
DEBUG 2015-05-22 16:17:57,284 [main] S2Containerを作成しました。path=j2ee.dicon
DEBUG 2015-05-22 16:17:57,285 [main] S2Containerを作成します。path=s2jdbc.dicon
DEBUG 2015-05-22 16:17:57,292 [main] S2Containerを作成します。path=s2jdbc-internal.dicon
DEBUG 2015-05-22 16:17:57,305 [main] S2Containerを作成しました。path=s2jdbc-internal.dicon
DEBUG 2015-05-22 16:17:57,312 [main] S2Containerを作成しました。path=s2jdbc.dicon
DEBUG 2015-05-22 16:17:57,315 [main] S2Containerを作成しました。path=app.dicon
DEBUG 2015-05-22 16:17:57,378 [main] トランザクションを開始しました。tx=[FormatId=4360, GlobalId=1432279076472/2, BranchId=]
DEBUG 2015-05-22 16:17:57,381 [main] トランザクションをロールバックしました。tx=[FormatId=4360, GlobalId=1432279076472/2, BranchId=]
DEBUG 2015-05-22 16:17:57,391 [main] 環境変数#Envにファイル(env.txt)から値(ct)が設定されました
DEBUG 2015-05-22 16:17:57,392 [main] 環境変数#Envにファイル(env_ut.txt)から値(ut)が設定されました
DEBUG 2015-05-22 16:17:57,399 [main] S2Containerを作成します。path=warmdeploy.dicon
DEBUG 2015-05-22 16:17:57,406 [main] S2Containerを作成します。path=convention.dicon
DEBUG 2015-05-22 16:17:57,419 [main] S2Containerを作成しました。path=convention.dicon
DEBUG 2015-05-22 16:17:57,419 [main] S2Containerを作成します。path=customizer.dicon
DEBUG 2015-05-22 16:17:57,427 [main] S2Containerを作成します。path=default-customizer.dicon
DEBUG 2015-05-22 16:17:57,435 [main] S2Containerを作成します。path=std-customizer.dicon
DEBUG 2015-05-22 16:17:57,445 [main] S2Containerを作成します。path=std-customizer-tiger.dicon
DEBUG 2015-05-22 16:17:57,456 [main] S2Containerを作成しました。path=std-customizer-tiger.dicon
DEBUG 2015-05-22 16:17:57,483 [main] S2Containerを作成しました。path=std-customizer.dicon
DEBUG 2015-05-22 16:17:57,494 [main] S2Containerを作成しました。path=default-customizer.dicon
DEBUG 2015-05-22 16:17:57,506 [main] S2Containerを作成しました。path=customizer.dicon
DEBUG 2015-05-22 16:17:57,506 [main] S2Containerを作成します。path=creator.dicon
DEBUG 2015-05-22 16:17:57,528 [main] S2Containerを作成しました。path=creator.dicon
DEBUG 2015-05-22 16:17:57,535 [main] S2Containerを作成しました。path=warmdeploy.dicon
DEBUG 2015-05-22 16:17:57,542 [main] S2Containerを作成します。path=s2junit4.dicon
DEBUG 2015-05-22 16:17:57,572 [main] S2Containerを作成しました。path=s2junit4.dicon
DEBUG 2015-05-22 16:17:57,595 [main] 設定ファイル(app.dicon)をインクルードします
DEBUG 2015-05-22 16:17:57,595 [main] S2Containerを作成します。path=app.dicon
DEBUG 2015-05-22 16:17:57,604 [main] S2Containerを作成します。path=convention.dicon
DEBUG 2015-05-22 16:17:57,618 [main] S2Containerを作成しました。path=convention.dicon
DEBUG 2015-05-22 16:17:57,618 [main] S2Containerを作成します。path=aop.dicon
DEBUG 2015-05-22 16:17:57,638 [main] S2Containerを作成しました。path=aop.dicon
DEBUG 2015-05-22 16:17:57,638 [main] S2Containerを作成します。path=j2ee.dicon
DEBUG 2015-05-22 16:17:57,647 [main] S2Containerを作成します。path=jta.dicon
DEBUG 2015-05-22 16:17:57,661 [main] S2Containerを作成しました。path=jta.dicon
DEBUG 2015-05-22 16:17:57,661 [main] S2Containerを作成します。path=jdbc.dicon
DEBUG 2015-05-22 16:17:57,682 [main] S2Containerを作成しました。path=jdbc.dicon
DEBUG 2015-05-22 16:17:57,687 [main] S2Containerを作成しました。path=j2ee.dicon
DEBUG 2015-05-22 16:17:57,687 [main] S2Containerを作成します。path=s2jdbc.dicon
DEBUG 2015-05-22 16:17:57,697 [main] S2Containerを作成します。path=s2jdbc-internal.dicon
DEBUG 2015-05-22 16:17:57,713 [main] S2Containerを作成しました。path=s2jdbc-internal.dicon
DEBUG 2015-05-22 16:17:57,719 [main] S2Containerを作成しました。path=s2jdbc.dicon
DEBUG 2015-05-22 16:17:57,722 [main] S2Containerを作成しました。path=app.dicon
DEBUG 2015-05-22 16:17:57,859 [main] トランザクションを開始しました。tx=[FormatId=4360, GlobalId=1432279076472/3, BranchId=]
DEBUG 2015-05-22 16:17:57,864 [main] トランザクションをロールバックしました。tx=[FormatId=4360, GlobalId=1432279076472/3, BranchId=]
DEBUG 2015-05-22 16:17:57,875 [main] 環境変数#Envにファイル(env.txt)から値(ct)が設定されました
DEBUG 2015-05-22 16:17:57,876 [main] 環境変数#Envにファイル(env_ut.txt)から値(ut)が設定されました
DEBUG 2015-05-22 16:17:57,886 [main] S2Containerを作成します。path=warmdeploy.dicon
DEBUG 2015-05-22 16:17:57,895 [main] S2Containerを作成します。path=convention.dicon
DEBUG 2015-05-22 16:17:57,909 [main] S2Containerを作成しました。path=convention.dicon
DEBUG 2015-05-22 16:17:57,910 [main] S2Containerを作成します。path=customizer.dicon
DEBUG 2015-05-22 16:17:57,918 [main] S2Containerを作成します。path=default-customizer.dicon
DEBUG 2015-05-22 16:17:57,927 [main] S2Containerを作成します。path=std-customizer.dicon
DEBUG 2015-05-22 16:17:57,938 [main] S2Containerを作成します。path=std-customizer-tiger.dicon
DEBUG 2015-05-22 16:17:57,949 [main] S2Containerを作成しました。path=std-customizer-tiger.dicon
DEBUG 2015-05-22 16:17:57,970 [main] S2Containerを作成しました。path=std-customizer.dicon
DEBUG 2015-05-22 16:17:57,975 [main] S2Containerを作成しました。path=default-customizer.dicon
DEBUG 2015-05-22 16:17:57,984 [main] S2Containerを作成しました。path=customizer.dicon
DEBUG 2015-05-22 16:17:57,984 [main] S2Containerを作成します。path=creator.dicon
DEBUG 2015-05-22 16:17:58,004 [main] S2Containerを作成しました。path=creator.dicon
DEBUG 2015-05-22 16:17:58,010 [main] S2Containerを作成しました。path=warmdeploy.dicon
DEBUG 2015-05-22 16:17:58,019 [main] S2Containerを作成します。path=s2junit4.dicon
DEBUG 2015-05-22 16:17:58,053 [main] S2Containerを作成しました。path=s2junit4.dicon
DEBUG 2015-05-22 16:17:58,075 [main] 設定ファイル(app.dicon)をインクルードします
DEBUG 2015-05-22 16:17:58,075 [main] S2Containerを作成します。path=app.dicon
DEBUG 2015-05-22 16:17:58,084 [main] S2Containerを作成します。path=convention.dicon
DEBUG 2015-05-22 16:17:58,096 [main] S2Containerを作成しました。path=convention.dicon
DEBUG 2015-05-22 16:17:58,097 [main] S2Containerを作成します。path=aop.dicon
DEBUG 2015-05-22 16:17:58,113 [main] S2Containerを作成しました。path=aop.dicon
DEBUG 2015-05-22 16:17:58,113 [main] S2Containerを作成します。path=j2ee.dicon
DEBUG 2015-05-22 16:17:58,122 [main] S2Containerを作成します。path=jta.dicon
DEBUG 2015-05-22 16:17:58,135 [main] S2Containerを作成しました。path=jta.dicon
DEBUG 2015-05-22 16:17:58,136 [main] S2Containerを作成します。path=jdbc.dicon
DEBUG 2015-05-22 16:17:58,154 [main] S2Containerを作成しました。path=jdbc.dicon
DEBUG 2015-05-22 16:17:58,158 [main] S2Containerを作成しました。path=j2ee.dicon
DEBUG 2015-05-22 16:17:58,158 [main] S2Containerを作成します。path=s2jdbc.dicon
DEBUG 2015-05-22 16:17:58,167 [main] S2Containerを作成します。path=s2jdbc-internal.dicon
DEBUG 2015-05-22 16:17:58,180 [main] S2Containerを作成しました。path=s2jdbc-internal.dicon
DEBUG 2015-05-22 16:17:58,186 [main] S2Containerを作成しました。path=s2jdbc.dicon
DEBUG 2015-05-22 16:17:58,188 [main] S2Containerを作成しました。path=app.dicon
DEBUG 2015-05-22 16:17:58,241 [main] トランザクションを開始しました。tx=[FormatId=4360, GlobalId=1432279076472/4, BranchId=]
DEBUG 2015-05-22 16:17:58,244 [main] トランザクションをロールバックしました。tx=[FormatId=4360, GlobalId=1432279076472/4, BranchId=]
DEBUG 2015-05-22 16:17:58,254 [main] 環境変数#Envにファイル(env.txt)から値(ct)が設定されました
DEBUG 2015-05-22 16:17:58,255 [main] 環境変数#Envにファイル(env_ut.txt)から値(ut)が設定されました
DEBUG 2015-05-22 16:17:58,265 [main] S2Containerを作成します。path=warmdeploy.dicon
DEBUG 2015-05-22 16:17:58,274 [main] S2Containerを作成します。path=convention.dicon
DEBUG 2015-05-22 16:17:58,290 [main] S2Containerを作成しました。path=convention.dicon
DEBUG 2015-05-22 16:17:58,290 [main] S2Containerを作成します。path=customizer.dicon
DEBUG 2015-05-22 16:17:58,299 [main] S2Containerを作成します。path=default-customizer.dicon
DEBUG 2015-05-22 16:17:58,308 [main] S2Containerを作成します。path=std-customizer.dicon
DEBUG 2015-05-22 16:17:58,325 [main] S2Containerを作成します。path=std-customizer-tiger.dicon
DEBUG 2015-05-22 16:17:58,335 [main] S2Containerを作成しました。path=std-customizer-tiger.dicon
DEBUG 2015-05-22 16:17:58,356 [main] S2Containerを作成しました。path=std-customizer.dicon
DEBUG 2015-05-22 16:17:58,363 [main] S2Containerを作成しました。path=default-customizer.dicon
DEBUG 2015-05-22 16:17:58,380 [main] S2Containerを作成しました。path=customizer.dicon
DEBUG 2015-05-22 16:17:58,380 [main] S2Containerを作成します。path=creator.dicon
DEBUG 2015-05-22 16:17:58,398 [main] S2Containerを作成しました。path=creator.dicon
DEBUG 2015-05-22 16:17:58,404 [main] S2Containerを作成しました。path=warmdeploy.dicon
DEBUG 2015-05-22 16:17:58,414 [main] S2Containerを作成します。path=s2junit4.dicon
DEBUG 2015-05-22 16:17:58,449 [main] S2Containerを作成しました。path=s2junit4.dicon
DEBUG 2015-05-22 16:17:58,479 [main] 設定ファイル(app.dicon)をインクルードします
DEBUG 2015-05-22 16:17:58,479 [main] S2Containerを作成します。path=app.dicon
DEBUG 2015-05-22 16:17:58,487 [main] S2Containerを作成します。path=convention.dicon
DEBUG 2015-05-22 16:17:58,497 [main] S2Containerを作成しました。path=convention.dicon
DEBUG 2015-05-22 16:17:58,498 [main] S2Containerを作成します。path=aop.dicon
DEBUG 2015-05-22 16:17:58,511 [main] S2Containerを作成しました。path=aop.dicon
DEBUG 2015-05-22 16:17:58,511 [main] S2Containerを作成します。path=j2ee.dicon
DEBUG 2015-05-22 16:17:58,517 [main] S2Containerを作成します。path=jta.dicon
DEBUG 2015-05-22 16:17:58,529 [main] S2Containerを作成しました。path=jta.dicon
DEBUG 2015-05-22 16:17:58,530 [main] S2Containerを作成します。path=jdbc.dicon
DEBUG 2015-05-22 16:17:58,546 [main] S2Containerを作成しました。path=jdbc.dicon
DEBUG 2015-05-22 16:17:58,549 [main] S2Containerを作成しました。path=j2ee.dicon
DEBUG 2015-05-22 16:17:58,549 [main] S2Containerを作成します。path=s2jdbc.dicon
DEBUG 2015-05-22 16:17:58,558 [main] S2Containerを作成します。path=s2jdbc-internal.dicon
DEBUG 2015-05-22 16:17:58,571 [main] S2Containerを作成しました。path=s2jdbc-internal.dicon
DEBUG 2015-05-22 16:17:58,576 [main] S2Containerを作成しました。path=s2jdbc.dicon
DEBUG 2015-05-22 16:17:58,578 [main] S2Containerを作成しました。path=app.dicon
DEBUG 2015-05-22 16:17:58,632 [main] トランザクションを開始しました。tx=[FormatId=4360, GlobalId=1432279076472/5, BranchId=]
DEBUG 2015-05-22 16:17:58,707 [main] トランザクションをロールバックしました。tx=[FormatId=4360, GlobalId=1432279076472/5, BranchId=]
DEBUG 2015-05-22 16:17:58,713 [main] 環境変数#Envにファイル(env.txt)から値(ct)が設定されました
DEBUG 2015-05-22 16:17:58,714 [main] 環境変数#Envにファイル(env_ut.txt)から値(ut)が設定されました
DEBUG 2015-05-22 16:17:58,721 [main] S2Containerを作成します。path=warmdeploy.dicon
DEBUG 2015-05-22 16:17:58,727 [main] S2Containerを作成します。path=convention.dicon
DEBUG 2015-05-22 16:17:58,740 [main] S2Containerを作成しました。path=convention.dicon
DEBUG 2015-05-22 16:17:58,741 [main] S2Containerを作成します。path=customizer.dicon
DEBUG 2015-05-22 16:17:58,786 [main] S2Containerを作成します。path=default-customizer.dicon
DEBUG 2015-05-22 16:17:58,794 [main] S2Containerを作成します。path=std-customizer.dicon
DEBUG 2015-05-22 16:17:58,812 [main] S2Containerを作成します。path=std-customizer-tiger.dicon
DEBUG 2015-05-22 16:17:58,822 [main] S2Containerを作成しました。path=std-customizer-tiger.dicon
DEBUG 2015-05-22 16:17:58,836 [main] S2Containerを作成しました。path=std-customizer.dicon
DEBUG 2015-05-22 16:17:58,840 [main] S2Containerを作成しました。path=default-customizer.dicon
DEBUG 2015-05-22 16:17:58,845 [main] S2Containerを作成しました。path=customizer.dicon
DEBUG 2015-05-22 16:17:58,846 [main] S2Containerを作成します。path=creator.dicon
DEBUG 2015-05-22 16:17:58,860 [main] S2Containerを作成しました。path=creator.dicon
DEBUG 2015-05-22 16:17:58,864 [main] S2Containerを作成しました。path=warmdeploy.dicon
DEBUG 2015-05-22 16:17:58,872 [main] S2Containerを作成します。path=s2junit4.dicon
DEBUG 2015-05-22 16:17:58,901 [main] S2Containerを作成しました。path=s2junit4.dicon
DEBUG 2015-05-22 16:17:58,924 [main] 設定ファイル(app.dicon)をインクルードします
DEBUG 2015-05-22 16:17:58,924 [main] S2Containerを作成します。path=app.dicon
DEBUG 2015-05-22 16:17:58,930 [main] S2Containerを作成します。path=convention.dicon
DEBUG 2015-05-22 16:17:58,940 [main] S2Containerを作成しました。path=convention.dicon
DEBUG 2015-05-22 16:17:58,941 [main] S2Containerを作成します。path=aop.dicon
DEBUG 2015-05-22 16:17:58,955 [main] S2Containerを作成しました。path=aop.dicon
DEBUG 2015-05-22 16:17:58,955 [main] S2Containerを作成します。path=j2ee.dicon
DEBUG 2015-05-22 16:17:58,961 [main] S2Containerを作成します。path=jta.dicon
DEBUG 2015-05-22 16:17:58,973 [main] S2Containerを作成しました。path=jta.dicon
DEBUG 2015-05-22 16:17:58,973 [main] S2Containerを作成します。path=jdbc.dicon
DEBUG 2015-05-22 16:17:58,988 [main] S2Containerを作成しました。path=jdbc.dicon
DEBUG 2015-05-22 16:17:58,991 [main] S2Containerを作成しました。path=j2ee.dicon
DEBUG 2015-05-22 16:17:58,992 [main] S2Containerを作成します。path=s2jdbc.dicon
DEBUG 2015-05-22 16:17:58,999 [main] S2Containerを作成します。path=s2jdbc-internal.dicon
DEBUG 2015-05-22 16:17:59,012 [main] S2Containerを作成しました。path=s2jdbc-internal.dicon
DEBUG 2015-05-22 16:17:59,017 [main] S2Containerを作成しました。path=s2jdbc.dicon
DEBUG 2015-05-22 16:17:59,018 [main] S2Containerを作成しました。path=app.dicon
DEBUG 2015-05-22 16:17:59,063 [main] トランザクションを開始しました。tx=[FormatId=4360, GlobalId=1432279076472/6, BranchId=]
DEBUG 2015-05-22 16:17:59,065 [main] トランザクションをロールバックしました。tx=[FormatId=4360, GlobalId=1432279076472/6, BranchId=]
DEBUG 2015-05-22 16:17:59,072 [main] 環境変数#Envにファイル(env.txt)から値(ct)が設定されました
DEBUG 2015-05-22 16:17:59,073 [main] 環境変数#Envにファイル(env_ut.txt)から値(ut)が設定されました
DEBUG 2015-05-22 16:17:59,082 [main] S2Containerを作成します。path=warmdeploy.dicon
DEBUG 2015-05-22 16:17:59,089 [main] S2Containerを作成します。path=convention.dicon
DEBUG 2015-05-22 16:17:59,099 [main] S2Containerを作成しました。path=convention.dicon
DEBUG 2015-05-22 16:17:59,099 [main] S2Containerを作成します。path=customizer.dicon
DEBUG 2015-05-22 16:17:59,105 [main] S2Containerを作成します。path=default-customizer.dicon
DEBUG 2015-05-22 16:17:59,112 [main] S2Containerを作成します。path=std-customizer.dicon
DEBUG 2015-05-22 16:17:59,120 [main] S2Containerを作成します。path=std-customizer-tiger.dicon
DEBUG 2015-05-22 16:17:59,127 [main] S2Containerを作成しました。path=std-customizer-tiger.dicon
DEBUG 2015-05-22 16:17:59,141 [main] S2Containerを作成しました。path=std-customizer.dicon
DEBUG 2015-05-22 16:17:59,147 [main] S2Containerを作成しました。path=default-customizer.dicon
DEBUG 2015-05-22 16:17:59,154 [main] S2Containerを作成しました。path=customizer.dicon
DEBUG 2015-05-22 16:17:59,154 [main] S2Containerを作成します。path=creator.dicon
DEBUG 2015-05-22 16:17:59,168 [main] S2Containerを作成しました。path=creator.dicon
DEBUG 2015-05-22 16:17:59,172 [main] S2Containerを作成しました。path=warmdeploy.dicon
DEBUG 2015-05-22 16:17:59,180 [main] S2Containerを作成します。path=s2junit4.dicon
DEBUG 2015-05-22 16:17:59,206 [main] S2Containerを作成しました。path=s2junit4.dicon
DEBUG 2015-05-22 16:17:59,223 [main] 設定ファイル(app.dicon)をインクルードします
DEBUG 2015-05-22 16:17:59,224 [main] S2Containerを作成します。path=app.dicon
DEBUG 2015-05-22 16:17:59,228 [main] S2Containerを作成します。path=convention.dicon
DEBUG 2015-05-22 16:17:59,236 [main] S2Containerを作成しました。path=convention.dicon
DEBUG 2015-05-22 16:17:59,237 [main] S2Containerを作成します。path=aop.dicon
DEBUG 2015-05-22 16:17:59,250 [main] S2Containerを作成しました。path=aop.dicon
DEBUG 2015-05-22 16:17:59,251 [main] S2Containerを作成します。path=j2ee.dicon
DEBUG 2015-05-22 16:17:59,256 [main] S2Containerを作成します。path=jta.dicon
DEBUG 2015-05-22 16:17:59,265 [main] S2Containerを作成しました。path=jta.dicon
DEBUG 2015-05-22 16:17:59,265 [main] S2Containerを作成します。path=jdbc.dicon
DEBUG 2015-05-22 16:17:59,274 [main] S2Containerを作成しました。path=jdbc.dicon
DEBUG 2015-05-22 16:17:59,278 [main] S2Containerを作成しました。path=j2ee.dicon
DEBUG 2015-05-22 16:17:59,278 [main] S2Containerを作成します。path=s2jdbc.dicon
DEBUG 2015-05-22 16:17:59,283 [main] S2Containerを作成します。path=s2jdbc-internal.dicon
DEBUG 2015-05-22 16:17:59,291 [main] S2Containerを作成しました。path=s2jdbc-internal.dicon
DEBUG 2015-05-22 16:17:59,294 [main] S2Containerを作成しました。path=s2jdbc.dicon
DEBUG 2015-05-22 16:17:59,295 [main] S2Containerを作成しました。path=app.dicon
DEBUG 2015-05-22 16:17:59,326 [main] トランザクションを開始しました。tx=[FormatId=4360, GlobalId=1432279076472/7, BranchId=]
DEBUG 2015-05-22 16:17:59,328 [main] トランザクションをロールバックしました。tx=[FormatId=4360, GlobalId=1432279076472/7, BranchId=]
DEBUG 2015-05-22 16:17:59,333 [main] 環境変数#Envにファイル(env.txt)から値(ct)が設定されました
DEBUG 2015-05-22 16:17:59,334 [main] 環境変数#Envにファイル(env_ut.txt)から値(ut)が設定されました
DEBUG 2015-05-22 16:17:59,339 [main] S2Containerを作成します。path=warmdeploy.dicon
DEBUG 2015-05-22 16:17:59,345 [main] S2Containerを作成します。path=convention.dicon
DEBUG 2015-05-22 16:17:59,354 [main] S2Containerを作成しました。path=convention.dicon
DEBUG 2015-05-22 16:17:59,354 [main] S2Containerを作成します。path=customizer.dicon
DEBUG 2015-05-22 16:17:59,360 [main] S2Containerを作成します。path=default-customizer.dicon
DEBUG 2015-05-22 16:17:59,367 [main] S2Containerを作成します。path=std-customizer.dicon
DEBUG 2015-05-22 16:17:59,376 [main] S2Containerを作成します。path=std-customizer-tiger.dicon
DEBUG 2015-05-22 16:17:59,384 [main] S2Containerを作成しました。path=std-customizer-tiger.dicon
DEBUG 2015-05-22 16:17:59,405 [main] S2Containerを作成しました。path=std-customizer.dicon
DEBUG 2015-05-22 16:17:59,410 [main] S2Containerを作成しました。path=default-customizer.dicon
DEBUG 2015-05-22 16:17:59,416 [main] S2Containerを作成しました。path=customizer.dicon
DEBUG 2015-05-22 16:17:59,416 [main] S2Containerを作成します。path=creator.dicon
DEBUG 2015-05-22 16:17:59,432 [main] S2Containerを作成しました。path=creator.dicon
DEBUG 2015-05-22 16:17:59,436 [main] S2Containerを作成しました。path=warmdeploy.dicon
DEBUG 2015-05-22 16:17:59,446 [main] S2Containerを作成します。path=s2junit4.dicon
DEBUG 2015-05-22 16:17:59,477 [main] S2Containerを作成しました。path=s2junit4.dicon
DEBUG 2015-05-22 16:17:59,503 [main] 設定ファイル(app.dicon)をインクルードします
DEBUG 2015-05-22 16:17:59,503 [main] S2Containerを作成します。path=app.dicon
DEBUG 2015-05-22 16:17:59,514 [main] S2Containerを作成します。path=convention.dicon
DEBUG 2015-05-22 16:17:59,524 [main] S2Containerを作成しました。path=convention.dicon
DEBUG 2015-05-22 16:17:59,524 [main] S2Containerを作成します。path=aop.dicon
DEBUG 2015-05-22 16:17:59,537 [main] S2Containerを作成しました。path=aop.dicon
DEBUG 2015-05-22 16:17:59,537 [main] S2Containerを作成します。path=j2ee.dicon
DEBUG 2015-05-22 16:17:59,549 [main] S2Containerを作成します。path=jta.dicon
DEBUG 2015-05-22 16:17:59,557 [main] S2Containerを作成しました。path=jta.dicon
DEBUG 2015-05-22 16:17:59,557 [main] S2Containerを作成します。path=jdbc.dicon
DEBUG 2015-05-22 16:17:59,567 [main] S2Containerを作成しました。path=jdbc.dicon
DEBUG 2015-05-22 16:17:59,573 [main] S2Containerを作成しました。path=j2ee.dicon
DEBUG 2015-05-22 16:17:59,573 [main] S2Containerを作成します。path=s2jdbc.dicon
DEBUG 2015-05-22 16:17:59,578 [main] S2Containerを作成します。path=s2jdbc-internal.dicon
DEBUG 2015-05-22 16:17:59,586 [main] S2Containerを作成しました。path=s2jdbc-internal.dicon
DEBUG 2015-05-22 16:17:59,592 [main] S2Containerを作成しました。path=s2jdbc.dicon
DEBUG 2015-05-22 16:17:59,593 [main] S2Containerを作成しました。path=app.dicon
DEBUG 2015-05-22 16:17:59,694 [main] トランザクションを開始しました。tx=[FormatId=4360, GlobalId=1432279076472/8, BranchId=]
DEBUG 2015-05-22 16:17:59,696 [main] トランザクションをロールバックしました。tx=[FormatId=4360, GlobalId=1432279076472/8, BranchId=]
DEBUG 2015-05-22 16:17:59,702 [main] 環境変数#Envにファイル(env.txt)から値(ct)が設定されました
DEBUG 2015-05-22 16:17:59,703 [main] 環境変数#Envにファイル(env_ut.txt)から値(ut)が設定されました
DEBUG 2015-05-22 16:17:59,709 [main] S2Containerを作成します。path=warmdeploy.dicon
DEBUG 2015-05-22 16:17:59,715 [main] S2Containerを作成します。path=convention.dicon
DEBUG 2015-05-22 16:17:59,723 [main] S2Containerを作成しました。path=convention.dicon
DEBUG 2015-05-22 16:17:59,723 [main] S2Containerを作成します。path=customizer.dicon
DEBUG 2015-05-22 16:17:59,736 [main] S2Containerを作成します。path=default-customizer.dicon
DEBUG 2015-05-22 16:17:59,741 [main] S2Containerを作成します。path=std-customizer.dicon
DEBUG 2015-05-22 16:17:59,747 [main] S2Containerを作成します。path=std-customizer-tiger.dicon
DEBUG 2015-05-22 16:17:59,759 [main] S2Containerを作成しました。path=std-customizer-tiger.dicon
DEBUG 2015-05-22 16:17:59,770 [main] S2Containerを作成しました。path=std-customizer.dicon
DEBUG 2015-05-22 16:17:59,775 [main] S2Containerを作成しました。path=default-customizer.dicon
DEBUG 2015-05-22 16:17:59,780 [main] S2Containerを作成しました。path=customizer.dicon
DEBUG 2015-05-22 16:17:59,780 [main] S2Containerを作成します。path=creator.dicon
DEBUG 2015-05-22 16:17:59,790 [main] S2Containerを作成しました。path=creator.dicon
DEBUG 2015-05-22 16:17:59,793 [main] S2Containerを作成しました。path=warmdeploy.dicon
DEBUG 2015-05-22 16:17:59,799 [main] S2Containerを作成します。path=s2junit4.dicon
DEBUG 2015-05-22 16:17:59,820 [main] S2Containerを作成しました。path=s2junit4.dicon
DEBUG 2015-05-22 16:17:59,838 [main] 設定ファイル(app.dicon)をインクルードします
DEBUG 2015-05-22 16:17:59,838 [main] S2Containerを作成します。path=app.dicon
DEBUG 2015-05-22 16:17:59,843 [main] S2Containerを作成します。path=convention.dicon
DEBUG 2015-05-22 16:17:59,851 [main] S2Containerを作成しました。path=convention.dicon
DEBUG 2015-05-22 16:17:59,851 [main] S2Containerを作成します。path=aop.dicon
DEBUG 2015-05-22 16:17:59,862 [main] S2Containerを作成しました。path=aop.dicon
DEBUG 2015-05-22 16:17:59,862 [main] S2Containerを作成します。path=j2ee.dicon
DEBUG 2015-05-22 16:17:59,867 [main] S2Containerを作成します。path=jta.dicon
DEBUG 2015-05-22 16:17:59,875 [main] S2Containerを作成しました。path=jta.dicon
DEBUG 2015-05-22 16:17:59,876 [main] S2Containerを作成します。path=jdbc.dicon
DEBUG 2015-05-22 16:17:59,886 [main] S2Containerを作成しました。path=jdbc.dicon
DEBUG 2015-05-22 16:17:59,888 [main] S2Containerを作成しました。path=j2ee.dicon
DEBUG 2015-05-22 16:17:59,889 [main] S2Containerを作成します。path=s2jdbc.dicon
DEBUG 2015-05-22 16:17:59,893 [main] S2Containerを作成します。path=s2jdbc-internal.dicon
DEBUG 2015-05-22 16:17:59,900 [main] S2Containerを作成しました。path=s2jdbc-internal.dicon
DEBUG 2015-05-22 16:17:59,903 [main] S2Containerを作成しました。path=s2jdbc.dicon
DEBUG 2015-05-22 16:17:59,904 [main] S2Containerを作成しました。path=app.dicon
DEBUG 2015-05-22 16:17:59,937 [main] トランザクションを開始しました。tx=[FormatId=4360, GlobalId=1432279076472/9, BranchId=]
DEBUG 2015-05-22 16:17:59,940 [main] トランザクションをロールバックしました。tx=[FormatId=4360, GlobalId=1432279076472/9, BranchId=]
DEBUG 2015-05-22 16:17:59,945 [main] 環境変数#Envにファイル(env.txt)から値(ct)が設定されました
DEBUG 2015-05-22 16:19:23,554 [main] 環境変数#Envにファイル(env.txt)から値(ct)が設定されました
DEBUG 2015-05-22 16:19:23,557 [main] 環境変数#Envにファイル(env_ut.txt)から値(ut)が設定されました
DEBUG 2015-05-22 16:19:24,030 [main] 環境変数#Envにファイル(env_ut.txt)から値(ut)が設定されました
DEBUG 2015-05-22 16:19:24,661 [main] S2Containerを作成します。path=warmdeploy.dicon
DEBUG 2015-05-22 16:19:24,675 [main] S2Containerを作成します。path=convention.dicon
DEBUG 2015-05-22 16:19:24,902 [main] S2Containerを作成しました。path=convention.dicon
DEBUG 2015-05-22 16:19:24,902 [main] S2Containerを作成します。path=customizer.dicon
DEBUG 2015-05-22 16:19:24,915 [main] S2Containerを作成します。path=default-customizer.dicon
DEBUG 2015-05-22 16:19:24,929 [main] S2Containerを作成します。path=std-customizer.dicon
DEBUG 2015-05-22 16:19:24,957 [main] S2Containerを作成します。path=std-customizer-tiger.dicon
DEBUG 2015-05-22 16:19:25,010 [main] S2Containerを作成しました。path=std-customizer-tiger.dicon
DEBUG 2015-05-22 16:19:25,051 [main] S2Containerを作成しました。path=std-customizer.dicon
DEBUG 2015-05-22 16:19:25,070 [main] S2Containerを作成しました。path=default-customizer.dicon
DEBUG 2015-05-22 16:19:25,117 [main] S2Containerを作成しました。path=customizer.dicon
DEBUG 2015-05-22 16:19:25,118 [main] S2Containerを作成します。path=creator.dicon
DEBUG 2015-05-22 16:19:25,172 [main] S2Containerを作成しました。path=creator.dicon
DEBUG 2015-05-22 16:19:25,187 [main] S2Containerを作成しました。path=warmdeploy.dicon
DEBUG 2015-05-22 16:19:25,282 [main] S2Containerを作成します。path=s2junit4.dicon
DEBUG 2015-05-22 16:19:25,460 [main] S2Containerを作成しました。path=s2junit4.dicon
DEBUG 2015-05-22 16:19:25,561 [main] 設定ファイル(app.dicon)をインクルードします
DEBUG 2015-05-22 16:19:25,561 [main] S2Containerを作成します。path=app.dicon
DEBUG 2015-05-22 16:19:25,574 [main] S2Containerを作成します。path=convention.dicon
DEBUG 2015-05-22 16:19:25,590 [main] S2Containerを作成しました。path=convention.dicon
DEBUG 2015-05-22 16:19:25,591 [main] S2Containerを作成します。path=aop.dicon
DEBUG 2015-05-22 16:19:25,659 [main] S2Containerを作成しました。path=aop.dicon
DEBUG 2015-05-22 16:19:25,659 [main] S2Containerを作成します。path=j2ee.dicon
DEBUG 2015-05-22 16:19:25,670 [main] S2Containerを作成します。path=jta.dicon
DEBUG 2015-05-22 16:19:25,718 [main] S2Containerを作成しました。path=jta.dicon
DEBUG 2015-05-22 16:19:25,719 [main] S2Containerを作成します。path=jdbc.dicon
DEBUG 2015-05-22 16:19:25,776 [main] S2Containerを作成しました。path=jdbc.dicon
DEBUG 2015-05-22 16:19:25,790 [main] S2Containerを作成しました。path=j2ee.dicon
DEBUG 2015-05-22 16:19:25,791 [main] S2Containerを作成します。path=s2jdbc.dicon
DEBUG 2015-05-22 16:19:25,806 [main] S2Containerを作成します。path=s2jdbc-internal.dicon
DEBUG 2015-05-22 16:19:25,840 [main] S2Containerを作成しました。path=s2jdbc-internal.dicon
DEBUG 2015-05-22 16:19:25,919 [main] S2Containerを作成しました。path=s2jdbc.dicon
DEBUG 2015-05-22 16:19:25,925 [main] S2Containerを作成しました。path=app.dicon
DEBUG 2015-05-22 16:19:26,232 [main] トランザクションを開始しました。tx=[FormatId=4360, GlobalId=1432279166232/0, BranchId=]
DEBUG 2015-05-22 16:19:26,253 [main] トランザクションをロールバックしました。tx=[FormatId=4360, GlobalId=1432279166232/0, BranchId=]
DEBUG 2015-05-22 16:19:26,292 [main] 環境変数#Envにファイル(env.txt)から値(ct)が設定されました
DEBUG 2015-05-22 16:19:26,293 [main] 環境変数#Envにファイル(env_ut.txt)から値(ut)が設定されました
DEBUG 2015-05-22 16:19:26,303 [main] S2Containerを作成します。path=warmdeploy.dicon
DEBUG 2015-05-22 16:19:26,312 [main] S2Containerを作成します。path=convention.dicon
DEBUG 2015-05-22 16:19:26,330 [main] S2Containerを作成しました。path=convention.dicon
DEBUG 2015-05-22 16:19:26,330 [main] S2Containerを作成します。path=customizer.dicon
DEBUG 2015-05-22 16:19:26,339 [main] S2Containerを作成します。path=default-customizer.dicon
DEBUG 2015-05-22 16:19:26,348 [main] S2Containerを作成します。path=std-customizer.dicon
DEBUG 2015-05-22 16:19:26,359 [main] S2Containerを作成します。path=std-customizer-tiger.dicon
DEBUG 2015-05-22 16:19:26,371 [main] S2Containerを作成しました。path=std-customizer-tiger.dicon
DEBUG 2015-05-22 16:19:26,400 [main] S2Containerを作成しました。path=std-customizer.dicon
DEBUG 2015-05-22 16:19:26,410 [main] S2Containerを作成しました。path=default-customizer.dicon
DEBUG 2015-05-22 16:19:26,422 [main] S2Containerを作成しました。path=customizer.dicon
DEBUG 2015-05-22 16:19:26,422 [main] S2Containerを作成します。path=creator.dicon
DEBUG 2015-05-22 16:19:26,455 [main] S2Containerを作成しました。path=creator.dicon
DEBUG 2015-05-22 16:19:26,466 [main] S2Containerを作成しました。path=warmdeploy.dicon
DEBUG 2015-05-22 16:19:26,482 [main] S2Containerを作成します。path=s2junit4.dicon
DEBUG 2015-05-22 16:19:26,528 [main] S2Containerを作成しました。path=s2junit4.dicon
DEBUG 2015-05-22 16:19:26,559 [main] 設定ファイル(app.dicon)をインクルードします
DEBUG 2015-05-22 16:19:26,559 [main] S2Containerを作成します。path=app.dicon
DEBUG 2015-05-22 16:19:26,567 [main] S2Containerを作成します。path=convention.dicon
DEBUG 2015-05-22 16:19:26,584 [main] S2Containerを作成しました。path=convention.dicon
DEBUG 2015-05-22 16:19:26,585 [main] S2Containerを作成します。path=aop.dicon
DEBUG 2015-05-22 16:19:26,608 [main] S2Containerを作成しました。path=aop.dicon
DEBUG 2015-05-22 16:19:26,608 [main] S2Containerを作成します。path=j2ee.dicon
DEBUG 2015-05-22 16:19:26,616 [main] S2Containerを作成します。path=jta.dicon
DEBUG 2015-05-22 16:19:26,630 [main] S2Containerを作成しました。path=jta.dicon
DEBUG 2015-05-22 16:19:26,631 [main] S2Containerを作成します。path=jdbc.dicon
DEBUG 2015-05-22 16:19:26,692 [main] S2Containerを作成しました。path=jdbc.dicon
DEBUG 2015-05-22 16:19:26,698 [main] S2Containerを作成しました。path=j2ee.dicon
DEBUG 2015-05-22 16:19:26,698 [main] S2Containerを作成します。path=s2jdbc.dicon
DEBUG 2015-05-22 16:19:26,708 [main] S2Containerを作成します。path=s2jdbc-internal.dicon
DEBUG 2015-05-22 16:19:26,724 [main] S2Containerを作成しました。path=s2jdbc-internal.dicon
DEBUG 2015-05-22 16:19:26,732 [main] S2Containerを作成しました。path=s2jdbc.dicon
DEBUG 2015-05-22 16:19:26,734 [main] S2Containerを作成しました。path=app.dicon
DEBUG 2015-05-22 16:19:26,815 [main] トランザクションを開始しました。tx=[FormatId=4360, GlobalId=1432279166232/1, BranchId=]
DEBUG 2015-05-22 16:19:26,818 [main] トランザクションをロールバックしました。tx=[FormatId=4360, GlobalId=1432279166232/1, BranchId=]
DEBUG 2015-05-22 16:19:26,829 [main] 環境変数#Envにファイル(env.txt)から値(ct)が設定されました
DEBUG 2015-05-22 16:19:26,830 [main] 環境変数#Envにファイル(env_ut.txt)から値(ut)が設定されました
DEBUG 2015-05-22 16:19:26,840 [main] S2Containerを作成します。path=warmdeploy.dicon
DEBUG 2015-05-22 16:19:26,849 [main] S2Containerを作成します。path=convention.dicon
DEBUG 2015-05-22 16:19:26,866 [main] S2Containerを作成しました。path=convention.dicon
DEBUG 2015-05-22 16:19:26,866 [main] S2Containerを作成します。path=customizer.dicon
DEBUG 2015-05-22 16:19:26,875 [main] S2Containerを作成します。path=default-customizer.dicon
DEBUG 2015-05-22 16:19:26,884 [main] S2Containerを作成します。path=std-customizer.dicon
DEBUG 2015-05-22 16:19:26,895 [main] S2Containerを作成します。path=std-customizer-tiger.dicon
DEBUG 2015-05-22 16:19:26,909 [main] S2Containerを作成しました。path=std-customizer-tiger.dicon
DEBUG 2015-05-22 16:19:26,941 [main] S2Containerを作成しました。path=std-customizer.dicon
DEBUG 2015-05-22 16:19:26,951 [main] S2Containerを作成しました。path=default-customizer.dicon
DEBUG 2015-05-22 16:19:26,963 [main] S2Containerを作成しました。path=customizer.dicon
DEBUG 2015-05-22 16:19:26,963 [main] S2Containerを作成します。path=creator.dicon
DEBUG 2015-05-22 16:19:26,983 [main] S2Containerを作成しました。path=creator.dicon
DEBUG 2015-05-22 16:19:26,989 [main] S2Containerを作成しました。path=warmdeploy.dicon
DEBUG 2015-05-22 16:19:26,999 [main] S2Containerを作成します。path=s2junit4.dicon
DEBUG 2015-05-22 16:19:27,039 [main] S2Containerを作成しました。path=s2junit4.dicon
DEBUG 2015-05-22 16:19:27,065 [main] 設定ファイル(app.dicon)をインクルードします
DEBUG 2015-05-22 16:19:27,065 [main] S2Containerを作成します。path=app.dicon
DEBUG 2015-05-22 16:19:27,073 [main] S2Containerを作成します。path=convention.dicon
DEBUG 2015-05-22 16:19:27,084 [main] S2Containerを作成しました。path=convention.dicon
DEBUG 2015-05-22 16:19:27,084 [main] S2Containerを作成します。path=aop.dicon
DEBUG 2015-05-22 16:19:27,102 [main] S2Containerを作成しました。path=aop.dicon
DEBUG 2015-05-22 16:19:27,102 [main] S2Containerを作成します。path=j2ee.dicon
DEBUG 2015-05-22 16:19:27,109 [main] S2Containerを作成します。path=jta.dicon
DEBUG 2015-05-22 16:19:27,122 [main] S2Containerを作成しました。path=jta.dicon
DEBUG 2015-05-22 16:19:27,122 [main] S2Containerを作成します。path=jdbc.dicon
DEBUG 2015-05-22 16:19:27,141 [main] S2Containerを作成しました。path=jdbc.dicon
DEBUG 2015-05-22 16:19:27,149 [main] S2Containerを作成しました。path=j2ee.dicon
DEBUG 2015-05-22 16:19:27,149 [main] S2Containerを作成します。path=s2jdbc.dicon
DEBUG 2015-05-22 16:19:27,160 [main] S2Containerを作成します。path=s2jdbc-internal.dicon
DEBUG 2015-05-22 16:19:27,173 [main] S2Containerを作成しました。path=s2jdbc-internal.dicon
DEBUG 2015-05-22 16:19:27,179 [main] S2Containerを作成しました。path=s2jdbc.dicon
DEBUG 2015-05-22 16:19:27,181 [main] S2Containerを作成しました。path=app.dicon
DEBUG 2015-05-22 16:19:27,253 [main] トランザクションを開始しました。tx=[FormatId=4360, GlobalId=1432279166232/2, BranchId=]
DEBUG 2015-05-22 16:19:27,256 [main] トランザクションをロールバックしました。tx=[FormatId=4360, GlobalId=1432279166232/2, BranchId=]
DEBUG 2015-05-22 16:19:27,265 [main] 環境変数#Envにファイル(env.txt)から値(ct)が設定されました
DEBUG 2015-05-22 16:19:27,266 [main] 環境変数#Envにファイル(env_ut.txt)から値(ut)が設定されました
DEBUG 2015-05-22 16:19:27,275 [main] S2Containerを作成します。path=warmdeploy.dicon
DEBUG 2015-05-22 16:19:27,283 [main] S2Containerを作成します。path=convention.dicon
DEBUG 2015-05-22 16:19:27,303 [main] S2Containerを作成しました。path=convention.dicon
DEBUG 2015-05-22 16:19:27,304 [main] S2Containerを作成します。path=customizer.dicon
DEBUG 2015-05-22 16:19:27,312 [main] S2Containerを作成します。path=default-customizer.dicon
DEBUG 2015-05-22 16:19:27,321 [main] S2Containerを作成します。path=std-customizer.dicon
DEBUG 2015-05-22 16:19:27,332 [main] S2Containerを作成します。path=std-customizer-tiger.dicon
DEBUG 2015-05-22 16:19:27,343 [main] S2Containerを作成しました。path=std-customizer-tiger.dicon
DEBUG 2015-05-22 16:19:27,375 [main] S2Containerを作成しました。path=std-customizer.dicon
DEBUG 2015-05-22 16:19:27,387 [main] S2Containerを作成しました。path=default-customizer.dicon
DEBUG 2015-05-22 16:19:27,401 [main] S2Containerを作成しました。path=customizer.dicon
DEBUG 2015-05-22 16:19:27,401 [main] S2Containerを作成します。path=creator.dicon
DEBUG 2015-05-22 16:19:27,427 [main] S2Containerを作成しました。path=creator.dicon
DEBUG 2015-05-22 16:19:27,435 [main] S2Containerを作成しました。path=warmdeploy.dicon
DEBUG 2015-05-22 16:19:27,446 [main] S2Containerを作成します。path=s2junit4.dicon
DEBUG 2015-05-22 16:19:27,480 [main] S2Containerを作成しました。path=s2junit4.dicon
DEBUG 2015-05-22 16:19:27,508 [main] 設定ファイル(app.dicon)をインクルードします
DEBUG 2015-05-22 16:19:27,508 [main] S2Containerを作成します。path=app.dicon
DEBUG 2015-05-22 16:19:27,517 [main] S2Containerを作成します。path=convention.dicon
DEBUG 2015-05-22 16:19:27,529 [main] S2Containerを作成しました。path=convention.dicon
DEBUG 2015-05-22 16:19:27,529 [main] S2Containerを作成します。path=aop.dicon
DEBUG 2015-05-22 16:19:27,551 [main] S2Containerを作成しました。path=aop.dicon
DEBUG 2015-05-22 16:19:27,552 [main] S2Containerを作成します。path=j2ee.dicon
DEBUG 2015-05-22 16:19:27,559 [main] S2Containerを作成します。path=jta.dicon
DEBUG 2015-05-22 16:19:27,574 [main] S2Containerを作成しました。path=jta.dicon
DEBUG 2015-05-22 16:19:27,574 [main] S2Containerを作成します。path=jdbc.dicon
DEBUG 2015-05-22 16:19:27,600 [main] S2Containerを作成しました。path=jdbc.dicon
DEBUG 2015-05-22 16:19:27,606 [main] S2Containerを作成しました。path=j2ee.dicon
DEBUG 2015-05-22 16:19:27,607 [main] S2Containerを作成します。path=s2jdbc.dicon
DEBUG 2015-05-22 16:19:27,619 [main] S2Containerを作成します。path=s2jdbc-internal.dicon
DEBUG 2015-05-22 16:19:27,637 [main] S2Containerを作成しました。path=s2jdbc-internal.dicon
DEBUG 2015-05-22 16:19:27,643 [main] S2Containerを作成しました。path=s2jdbc.dicon
DEBUG 2015-05-22 16:19:27,645 [main] S2Containerを作成しました。path=app.dicon
DEBUG 2015-05-22 16:19:27,814 [main] トランザクションを開始しました。tx=[FormatId=4360, GlobalId=1432279166232/3, BranchId=]
DEBUG 2015-05-22 16:19:27,818 [main] トランザクションをロールバックしました。tx=[FormatId=4360, GlobalId=1432279166232/3, BranchId=]
DEBUG 2015-05-22 16:19:27,830 [main] 環境変数#Envにファイル(env.txt)から値(ct)が設定されました
DEBUG 2015-05-22 16:19:27,832 [main] 環境変数#Envにファイル(env_ut.txt)から値(ut)が設定されました
DEBUG 2015-05-22 16:19:27,853 [main] S2Containerを作成します。path=warmdeploy.dicon
DEBUG 2015-05-22 16:19:27,864 [main] S2Containerを作成します。path=convention.dicon
DEBUG 2015-05-22 16:19:27,882 [main] S2Containerを作成しました。path=convention.dicon
DEBUG 2015-05-22 16:19:27,883 [main] S2Containerを作成します。path=customizer.dicon
DEBUG 2015-05-22 16:19:27,894 [main] S2Containerを作成します。path=default-customizer.dicon
DEBUG 2015-05-22 16:19:27,906 [main] S2Containerを作成します。path=std-customizer.dicon
DEBUG 2015-05-22 16:19:27,919 [main] S2Containerを作成します。path=std-customizer-tiger.dicon
DEBUG 2015-05-22 16:19:27,935 [main] S2Containerを作成しました。path=std-customizer-tiger.dicon
DEBUG 2015-05-22 16:19:27,960 [main] S2Containerを作成しました。path=std-customizer.dicon
DEBUG 2015-05-22 16:19:27,968 [main] S2Containerを作成しました。path=default-customizer.dicon
DEBUG 2015-05-22 16:19:27,982 [main] S2Containerを作成しました。path=customizer.dicon
DEBUG 2015-05-22 16:19:27,982 [main] S2Containerを作成します。path=creator.dicon
DEBUG 2015-05-22 16:19:28,006 [main] S2Containerを作成しました。path=creator.dicon
DEBUG 2015-05-22 16:19:28,013 [main] S2Containerを作成しました。path=warmdeploy.dicon
DEBUG 2015-05-22 16:19:28,022 [main] S2Containerを作成します。path=s2junit4.dicon
DEBUG 2015-05-22 16:19:28,064 [main] S2Containerを作成しました。path=s2junit4.dicon
DEBUG 2015-05-22 16:19:28,102 [main] 設定ファイル(app.dicon)をインクルードします
DEBUG 2015-05-22 16:19:28,102 [main] S2Containerを作成します。path=app.dicon
DEBUG 2015-05-22 16:19:28,111 [main] S2Containerを作成します。path=convention.dicon
DEBUG 2015-05-22 16:19:28,124 [main] S2Containerを作成しました。path=convention.dicon
DEBUG 2015-05-22 16:19:28,125 [main] S2Containerを作成します。path=aop.dicon
DEBUG 2015-05-22 16:19:28,147 [main] S2Containerを作成しました。path=aop.dicon
DEBUG 2015-05-22 16:19:28,148 [main] S2Containerを作成します。path=j2ee.dicon
DEBUG 2015-05-22 16:19:28,157 [main] S2Containerを作成します。path=jta.dicon
DEBUG 2015-05-22 16:19:28,170 [main] S2Containerを作成しました。path=jta.dicon
DEBUG 2015-05-22 16:19:28,170 [main] S2Containerを作成します。path=jdbc.dicon
DEBUG 2015-05-22 16:19:28,199 [main] S2Containerを作成しました。path=jdbc.dicon
DEBUG 2015-05-22 16:19:28,204 [main] S2Containerを作成しました。path=j2ee.dicon
DEBUG 2015-05-22 16:19:28,204 [main] S2Containerを作成します。path=s2jdbc.dicon
DEBUG 2015-05-22 16:19:28,214 [main] S2Containerを作成します。path=s2jdbc-internal.dicon
DEBUG 2015-05-22 16:19:28,239 [main] S2Containerを作成しました。path=s2jdbc-internal.dicon
DEBUG 2015-05-22 16:19:28,244 [main] S2Containerを作成しました。path=s2jdbc.dicon
DEBUG 2015-05-22 16:19:28,246 [main] S2Containerを作成しました。path=app.dicon
DEBUG 2015-05-22 16:19:28,324 [main] トランザクションを開始しました。tx=[FormatId=4360, GlobalId=1432279166232/4, BranchId=]
DEBUG 2015-05-22 16:19:28,327 [main] トランザクションをロールバックしました。tx=[FormatId=4360, GlobalId=1432279166232/4, BranchId=]
DEBUG 2015-05-22 16:19:28,354 [main] 環境変数#Envにファイル(env.txt)から値(ct)が設定されました
DEBUG 2015-05-22 16:19:28,355 [main] 環境変数#Envにファイル(env_ut.txt)から値(ut)が設定されました
DEBUG 2015-05-22 16:19:28,366 [main] S2Containerを作成します。path=warmdeploy.dicon
DEBUG 2015-05-22 16:19:28,384 [main] S2Containerを作成します。path=convention.dicon
DEBUG 2015-05-22 16:19:28,399 [main] S2Containerを作成しました。path=convention.dicon
DEBUG 2015-05-22 16:19:28,400 [main] S2Containerを作成します。path=customizer.dicon
DEBUG 2015-05-22 16:19:28,409 [main] S2Containerを作成します。path=default-customizer.dicon
DEBUG 2015-05-22 16:19:28,424 [main] S2Containerを作成します。path=std-customizer.dicon
DEBUG 2015-05-22 16:19:28,434 [main] S2Containerを作成します。path=std-customizer-tiger.dicon
DEBUG 2015-05-22 16:19:28,445 [main] S2Containerを作成しました。path=std-customizer-tiger.dicon
DEBUG 2015-05-22 16:19:28,466 [main] S2Containerを作成しました。path=std-customizer.dicon
DEBUG 2015-05-22 16:19:28,473 [main] S2Containerを作成しました。path=default-customizer.dicon
DEBUG 2015-05-22 16:19:28,482 [main] S2Containerを作成しました。path=customizer.dicon
DEBUG 2015-05-22 16:19:28,482 [main] S2Containerを作成します。path=creator.dicon
DEBUG 2015-05-22 16:19:28,495 [main] S2Containerを作成しました。path=creator.dicon
DEBUG 2015-05-22 16:19:28,500 [main] S2Containerを作成しました。path=warmdeploy.dicon
DEBUG 2015-05-22 16:19:28,512 [main] S2Containerを作成します。path=s2junit4.dicon
DEBUG 2015-05-22 16:19:28,545 [main] S2Containerを作成しました。path=s2junit4.dicon
DEBUG 2015-05-22 16:19:28,574 [main] 設定ファイル(app.dicon)をインクルードします
DEBUG 2015-05-22 16:19:28,574 [main] S2Containerを作成します。path=app.dicon
DEBUG 2015-05-22 16:19:28,580 [main] S2Containerを作成します。path=convention.dicon
DEBUG 2015-05-22 16:19:28,589 [main] S2Containerを作成しました。path=convention.dicon
DEBUG 2015-05-22 16:19:28,590 [main] S2Containerを作成します。path=aop.dicon
DEBUG 2015-05-22 16:19:28,606 [main] S2Containerを作成しました。path=aop.dicon
DEBUG 2015-05-22 16:19:28,606 [main] S2Containerを作成します。path=j2ee.dicon
DEBUG 2015-05-22 16:19:28,612 [main] S2Containerを作成します。path=jta.dicon
DEBUG 2015-05-22 16:19:28,624 [main] S2Containerを作成しました。path=jta.dicon
DEBUG 2015-05-22 16:19:28,624 [main] S2Containerを作成します。path=jdbc.dicon
DEBUG 2015-05-22 16:19:28,642 [main] S2Containerを作成しました。path=jdbc.dicon
DEBUG 2015-05-22 16:19:28,645 [main] S2Containerを作成しました。path=j2ee.dicon
DEBUG 2015-05-22 16:19:28,646 [main] S2Containerを作成します。path=s2jdbc.dicon
DEBUG 2015-05-22 16:19:28,653 [main] S2Containerを作成します。path=s2jdbc-internal.dicon
DEBUG 2015-05-22 16:19:28,663 [main] S2Containerを作成しました。path=s2jdbc-internal.dicon
DEBUG 2015-05-22 16:19:28,667 [main] S2Containerを作成しました。path=s2jdbc.dicon
DEBUG 2015-05-22 16:19:28,668 [main] S2Containerを作成しました。path=app.dicon
DEBUG 2015-05-22 16:19:28,715 [main] トランザクションを開始しました。tx=[FormatId=4360, GlobalId=1432279166232/5, BranchId=]
DEBUG 2015-05-22 16:19:28,725 [main] トランザクションをロールバックしました。tx=[FormatId=4360, GlobalId=1432279166232/5, BranchId=]
DEBUG 2015-05-22 16:19:28,732 [main] 環境変数#Envにファイル(env.txt)から値(ct)が設定されました
DEBUG 2015-05-22 16:19:28,733 [main] 環境変数#Envにファイル(env_ut.txt)から値(ut)が設定されました
DEBUG 2015-05-22 16:19:28,743 [main] S2Containerを作成します。path=warmdeploy.dicon
DEBUG 2015-05-22 16:19:28,753 [main] S2Containerを作成します。path=convention.dicon
DEBUG 2015-05-22 16:19:28,768 [main] S2Containerを作成しました。path=convention.dicon
DEBUG 2015-05-22 16:19:28,768 [main] S2Containerを作成します。path=customizer.dicon
DEBUG 2015-05-22 16:19:28,836 [main] S2Containerを作成します。path=default-customizer.dicon
DEBUG 2015-05-22 16:19:28,845 [main] S2Containerを作成します。path=std-customizer.dicon
DEBUG 2015-05-22 16:19:28,855 [main] S2Containerを作成します。path=std-customizer-tiger.dicon
DEBUG 2015-05-22 16:19:28,866 [main] S2Containerを作成しました。path=std-customizer-tiger.dicon
DEBUG 2015-05-22 16:19:28,887 [main] S2Containerを作成しました。path=std-customizer.dicon
DEBUG 2015-05-22 16:19:28,893 [main] S2Containerを作成しました。path=default-customizer.dicon
DEBUG 2015-05-22 16:19:28,902 [main] S2Containerを作成しました。path=customizer.dicon
DEBUG 2015-05-22 16:19:28,902 [main] S2Containerを作成します。path=creator.dicon
DEBUG 2015-05-22 16:19:28,915 [main] S2Containerを作成しました。path=creator.dicon
DEBUG 2015-05-22 16:19:28,919 [main] S2Containerを作成しました。path=warmdeploy.dicon
DEBUG 2015-05-22 16:19:28,926 [main] S2Containerを作成します。path=s2junit4.dicon
DEBUG 2015-05-22 16:19:28,955 [main] S2Containerを作成しました。path=s2junit4.dicon
DEBUG 2015-05-22 16:19:28,985 [main] 設定ファイル(app.dicon)をインクルードします
DEBUG 2015-05-22 16:19:28,985 [main] S2Containerを作成します。path=app.dicon
DEBUG 2015-05-22 16:19:28,993 [main] S2Containerを作成します。path=convention.dicon
DEBUG 2015-05-22 16:19:29,004 [main] S2Containerを作成しました。path=convention.dicon
DEBUG 2015-05-22 16:19:29,004 [main] S2Containerを作成します。path=aop.dicon
DEBUG 2015-05-22 16:19:29,020 [main] S2Containerを作成しました。path=aop.dicon
DEBUG 2015-05-22 16:19:29,020 [main] S2Containerを作成します。path=j2ee.dicon
DEBUG 2015-05-22 16:19:29,028 [main] S2Containerを作成します。path=jta.dicon
DEBUG 2015-05-22 16:19:29,040 [main] S2Containerを作成しました。path=jta.dicon
DEBUG 2015-05-22 16:19:29,040 [main] S2Containerを作成します。path=jdbc.dicon
DEBUG 2015-05-22 16:19:29,054 [main] S2Containerを作成しました。path=jdbc.dicon
DEBUG 2015-05-22 16:19:29,056 [main] S2Containerを作成しました。path=j2ee.dicon
DEBUG 2015-05-22 16:19:29,057 [main] S2Containerを作成します。path=s2jdbc.dicon
DEBUG 2015-05-22 16:19:29,063 [main] S2Containerを作成します。path=s2jdbc-internal.dicon
DEBUG 2015-05-22 16:19:29,075 [main] S2Containerを作成しました。path=s2jdbc-internal.dicon
DEBUG 2015-05-22 16:19:29,080 [main] S2Containerを作成しました。path=s2jdbc.dicon
DEBUG 2015-05-22 16:19:29,082 [main] S2Containerを作成しました。path=app.dicon
DEBUG 2015-05-22 16:19:29,117 [main] トランザクションを開始しました。tx=[FormatId=4360, GlobalId=1432279166232/6, BranchId=]
DEBUG 2015-05-22 16:19:29,120 [main] トランザクションをロールバックしました。tx=[FormatId=4360, GlobalId=1432279166232/6, BranchId=]
DEBUG 2015-05-22 16:19:29,126 [main] 環境変数#Envにファイル(env.txt)から値(ct)が設定されました
DEBUG 2015-05-22 16:19:29,128 [main] 環境変数#Envにファイル(env_ut.txt)から値(ut)が設定されました
DEBUG 2015-05-22 16:19:29,137 [main] S2Containerを作成します。path=warmdeploy.dicon
DEBUG 2015-05-22 16:19:29,146 [main] S2Containerを作成します。path=convention.dicon
DEBUG 2015-05-22 16:19:29,159 [main] S2Containerを作成しました。path=convention.dicon
DEBUG 2015-05-22 16:19:29,159 [main] S2Containerを作成します。path=customizer.dicon
DEBUG 2015-05-22 16:19:29,167 [main] S2Containerを作成します。path=default-customizer.dicon
DEBUG 2015-05-22 16:19:29,176 [main] S2Containerを作成します。path=std-customizer.dicon
DEBUG 2015-05-22 16:19:29,187 [main] S2Containerを作成します。path=std-customizer-tiger.dicon
DEBUG 2015-05-22 16:19:29,198 [main] S2Containerを作成しました。path=std-customizer-tiger.dicon
DEBUG 2015-05-22 16:19:29,216 [main] S2Containerを作成しました。path=std-customizer.dicon
DEBUG 2015-05-22 16:19:29,221 [main] S2Containerを作成しました。path=default-customizer.dicon
DEBUG 2015-05-22 16:19:29,227 [main] S2Containerを作成しました。path=customizer.dicon
DEBUG 2015-05-22 16:19:29,227 [main] S2Containerを作成します。path=creator.dicon
DEBUG 2015-05-22 16:19:29,241 [main] S2Containerを作成しました。path=creator.dicon
DEBUG 2015-05-22 16:19:29,245 [main] S2Containerを作成しました。path=warmdeploy.dicon
DEBUG 2015-05-22 16:19:29,251 [main] S2Containerを作成します。path=s2junit4.dicon
DEBUG 2015-05-22 16:19:29,280 [main] S2Containerを作成しました。path=s2junit4.dicon
DEBUG 2015-05-22 16:19:29,304 [main] 設定ファイル(app.dicon)をインクルードします
DEBUG 2015-05-22 16:19:29,304 [main] S2Containerを作成します。path=app.dicon
DEBUG 2015-05-22 16:19:29,310 [main] S2Containerを作成します。path=convention.dicon
DEBUG 2015-05-22 16:19:29,317 [main] S2Containerを作成しました。path=convention.dicon
DEBUG 2015-05-22 16:19:29,317 [main] S2Containerを作成します。path=aop.dicon
DEBUG 2015-05-22 16:19:29,327 [main] S2Containerを作成しました。path=aop.dicon
DEBUG 2015-05-22 16:19:29,327 [main] S2Containerを作成します。path=j2ee.dicon
DEBUG 2015-05-22 16:19:29,332 [main] S2Containerを作成します。path=jta.dicon
DEBUG 2015-05-22 16:19:29,339 [main] S2Containerを作成しました。path=jta.dicon
DEBUG 2015-05-22 16:19:29,339 [main] S2Containerを作成します。path=jdbc.dicon
DEBUG 2015-05-22 16:19:29,349 [main] S2Containerを作成しました。path=jdbc.dicon
DEBUG 2015-05-22 16:19:29,353 [main] S2Containerを作成しました。path=j2ee.dicon
DEBUG 2015-05-22 16:19:29,353 [main] S2Containerを作成します。path=s2jdbc.dicon
DEBUG 2015-05-22 16:19:29,358 [main] S2Containerを作成します。path=s2jdbc-internal.dicon
DEBUG 2015-05-22 16:19:29,366 [main] S2Containerを作成しました。path=s2jdbc-internal.dicon
DEBUG 2015-05-22 16:19:29,368 [main] S2Containerを作成しました。path=s2jdbc.dicon
DEBUG 2015-05-22 16:19:29,370 [main] S2Containerを作成しました。path=app.dicon
DEBUG 2015-05-22 16:19:29,402 [main] トランザクションを開始しました。tx=[FormatId=4360, GlobalId=1432279166232/7, BranchId=]
DEBUG 2015-05-22 16:19:29,404 [main] トランザクションをロールバックしました。tx=[FormatId=4360, GlobalId=1432279166232/7, BranchId=]
DEBUG 2015-05-22 16:19:29,409 [main] 環境変数#Envにファイル(env.txt)から値(ct)が設定されました
DEBUG 2015-05-22 16:19:29,410 [main] 環境変数#Envにファイル(env_ut.txt)から値(ut)が設定されました
DEBUG 2015-05-22 16:19:29,416 [main] S2Containerを作成します。path=warmdeploy.dicon
DEBUG 2015-05-22 16:19:29,420 [main] S2Containerを作成します。path=convention.dicon
DEBUG 2015-05-22 16:19:29,428 [main] S2Containerを作成しました。path=convention.dicon
DEBUG 2015-05-22 16:19:29,428 [main] S2Containerを作成します。path=customizer.dicon
DEBUG 2015-05-22 16:19:29,433 [main] S2Containerを作成します。path=default-customizer.dicon
DEBUG 2015-05-22 16:19:29,438 [main] S2Containerを作成します。path=std-customizer.dicon
DEBUG 2015-05-22 16:19:29,445 [main] S2Containerを作成します。path=std-customizer-tiger.dicon
DEBUG 2015-05-22 16:19:29,453 [main] S2Containerを作成しました。path=std-customizer-tiger.dicon
DEBUG 2015-05-22 16:19:29,470 [main] S2Containerを作成しました。path=std-customizer.dicon
DEBUG 2015-05-22 16:19:29,476 [main] S2Containerを作成しました。path=default-customizer.dicon
DEBUG 2015-05-22 16:19:29,482 [main] S2Containerを作成しました。path=customizer.dicon
DEBUG 2015-05-22 16:19:29,483 [main] S2Containerを作成します。path=creator.dicon
DEBUG 2015-05-22 16:19:29,494 [main] S2Containerを作成しました。path=creator.dicon
DEBUG 2015-05-22 16:19:29,499 [main] S2Containerを作成しました。path=warmdeploy.dicon
DEBUG 2015-05-22 16:19:29,507 [main] S2Containerを作成します。path=s2junit4.dicon
DEBUG 2015-05-22 16:19:29,534 [main] S2Containerを作成しました。path=s2junit4.dicon
DEBUG 2015-05-22 16:19:29,559 [main] 設定ファイル(app.dicon)をインクルードします
DEBUG 2015-05-22 16:19:29,560 [main] S2Containerを作成します。path=app.dicon
DEBUG 2015-05-22 16:19:29,567 [main] S2Containerを作成します。path=convention.dicon
DEBUG 2015-05-22 16:19:29,575 [main] S2Containerを作成しました。path=convention.dicon
DEBUG 2015-05-22 16:19:29,576 [main] S2Containerを作成します。path=aop.dicon
DEBUG 2015-05-22 16:19:29,589 [main] S2Containerを作成しました。path=aop.dicon
DEBUG 2015-05-22 16:19:29,589 [main] S2Containerを作成します。path=j2ee.dicon
DEBUG 2015-05-22 16:19:29,595 [main] S2Containerを作成します。path=jta.dicon
DEBUG 2015-05-22 16:19:29,606 [main] S2Containerを作成しました。path=jta.dicon
DEBUG 2015-05-22 16:19:29,606 [main] S2Containerを作成します。path=jdbc.dicon
DEBUG 2015-05-22 16:19:29,621 [main] S2Containerを作成しました。path=jdbc.dicon
DEBUG 2015-05-22 16:19:29,624 [main] S2Containerを作成しました。path=j2ee.dicon
DEBUG 2015-05-22 16:19:29,625 [main] S2Containerを作成します。path=s2jdbc.dicon
DEBUG 2015-05-22 16:19:29,632 [main] S2Containerを作成します。path=s2jdbc-internal.dicon
DEBUG 2015-05-22 16:19:29,644 [main] S2Containerを作成しました。path=s2jdbc-internal.dicon
DEBUG 2015-05-22 16:19:29,648 [main] S2Containerを作成しました。path=s2jdbc.dicon
DEBUG 2015-05-22 16:19:29,650 [main] S2Containerを作成しました。path=app.dicon
DEBUG 2015-05-22 16:19:29,689 [main] トランザクションを開始しました。tx=[FormatId=4360, GlobalId=1432279166232/8, BranchId=]
DEBUG 2015-05-22 16:19:29,692 [main] トランザクションをロールバックしました。tx=[FormatId=4360, GlobalId=1432279166232/8, BranchId=]
DEBUG 2015-05-22 16:19:29,701 [main] 環境変数#Envにファイル(env.txt)から値(ct)が設定されました
DEBUG 2015-05-22 16:19:29,702 [main] 環境変数#Envにファイル(env_ut.txt)から値(ut)が設定されました
DEBUG 2015-05-22 16:19:29,711 [main] S2Containerを作成します。path=warmdeploy.dicon
DEBUG 2015-05-22 16:19:29,717 [main] S2Containerを作成します。path=convention.dicon
DEBUG 2015-05-22 16:19:29,727 [main] S2Containerを作成しました。path=convention.dicon
DEBUG 2015-05-22 16:19:29,727 [main] S2Containerを作成します。path=customizer.dicon
DEBUG 2015-05-22 16:19:29,732 [main] S2Containerを作成します。path=default-customizer.dicon
DEBUG 2015-05-22 16:19:29,740 [main] S2Containerを作成します。path=std-customizer.dicon
DEBUG 2015-05-22 16:19:29,749 [main] S2Containerを作成します。path=std-customizer-tiger.dicon
DEBUG 2015-05-22 16:19:29,759 [main] S2Containerを作成しました。path=std-customizer-tiger.dicon
DEBUG 2015-05-22 16:19:29,806 [main] S2Containerを作成しました。path=std-customizer.dicon
DEBUG 2015-05-22 16:19:29,811 [main] S2Containerを作成しました。path=default-customizer.dicon
DEBUG 2015-05-22 16:19:29,818 [main] S2Containerを作成しました。path=customizer.dicon
DEBUG 2015-05-22 16:19:29,818 [main] S2Containerを作成します。path=creator.dicon
DEBUG 2015-05-22 16:19:29,833 [main] S2Containerを作成しました。path=creator.dicon
DEBUG 2015-05-22 16:19:29,838 [main] S2Containerを作成しました。path=warmdeploy.dicon
DEBUG 2015-05-22 16:19:29,845 [main] S2Containerを作成します。path=s2junit4.dicon
DEBUG 2015-05-22 16:19:29,873 [main] S2Containerを作成しました。path=s2junit4.dicon
DEBUG 2015-05-22 16:19:29,898 [main] 設定ファイル(app.dicon)をインクルードします
DEBUG 2015-05-22 16:19:29,898 [main] S2Containerを作成します。path=app.dicon
DEBUG 2015-05-22 16:19:29,905 [main] S2Containerを作成します。path=convention.dicon
DEBUG 2015-05-22 16:19:29,914 [main] S2Containerを作成しました。path=convention.dicon
DEBUG 2015-05-22 16:19:29,915 [main] S2Containerを作成します。path=aop.dicon
DEBUG 2015-05-22 16:19:29,929 [main] S2Containerを作成しました。path=aop.dicon
DEBUG 2015-05-22 16:19:29,929 [main] S2Containerを作成します。path=j2ee.dicon
DEBUG 2015-05-22 16:19:29,935 [main] S2Containerを作成します。path=jta.dicon
DEBUG 2015-05-22 16:19:29,946 [main] S2Containerを作成しました。path=jta.dicon
DEBUG 2015-05-22 16:19:29,946 [main] S2Containerを作成します。path=jdbc.dicon
DEBUG 2015-05-22 16:19:29,960 [main] S2Containerを作成しました。path=jdbc.dicon
DEBUG 2015-05-22 16:19:29,964 [main] S2Containerを作成しました。path=j2ee.dicon
DEBUG 2015-05-22 16:19:29,964 [main] S2Containerを作成します。path=s2jdbc.dicon
DEBUG 2015-05-22 16:19:29,971 [main] S2Containerを作成します。path=s2jdbc-internal.dicon
DEBUG 2015-05-22 16:19:29,983 [main] S2Containerを作成しました。path=s2jdbc-internal.dicon
DEBUG 2015-05-22 16:19:29,987 [main] S2Containerを作成しました。path=s2jdbc.dicon
DEBUG 2015-05-22 16:19:29,989 [main] S2Containerを作成しました。path=app.dicon
DEBUG 2015-05-22 16:19:30,033 [main] トランザクションを開始しました。tx=[FormatId=4360, GlobalId=1432279166232/9, BranchId=]
DEBUG 2015-05-22 16:19:30,036 [main] トランザクションをロールバックしました。tx=[FormatId=4360, GlobalId=1432279166232/9, BranchId=]
DEBUG 2015-05-22 16:19:30,043 [main] 環境変数#Envにファイル(env.txt)から値(ct)が設定されました
